<?xml version="1.0" encoding="UTF-8"?>
<testsuite name="org.openmrs.api.AdministrationServiceTest" time="1.491" tests="55" errors="0" skipped="4" failures="0">
  <properties>
    <property name="java.runtime.name" value="Java(TM) SE Runtime Environment"/>
    <property name="sun.boot.library.path" value="/Library/Java/JavaVirtualMachines/jdk1.8.0_121.jdk/Contents/Home/jre/lib"/>
    <property name="java.vm.version" value="25.121-b13"/>
    <property name="gopherProxySet" value="false"/>
    <property name="java.vm.vendor" value="Oracle Corporation"/>
    <property name="maven.multiModuleProjectDirectory" value="/Users/MatthewKay/Documents/SeniorYear1stSemester/362/Project/openmrs-core"/>
    <property name="java.vendor.url" value="http://java.oracle.com/"/>
    <property name="path.separator" value=":"/>
    <property name="guice.disable.misplaced.annotation.check" value="true"/>
    <property name="java.vm.name" value="Java HotSpot(TM) 64-Bit Server VM"/>
    <property name="file.encoding.pkg" value="sun.io"/>
    <property name="user.country" value="US"/>
    <property name="sun.java.launcher" value="SUN_STANDARD"/>
    <property name="sun.os.patch.level" value="unknown"/>
    <property name="java.vm.specification.name" value="Java Virtual Machine Specification"/>
    <property name="user.dir" value="/Users/MatthewKay/Documents/SeniorYear1stSemester/362/Project/openmrs-core"/>
    <property name="java.runtime.version" value="1.8.0_121-b13"/>
    <property name="java.awt.graphicsenv" value="sun.awt.CGraphicsEnvironment"/>
    <property name="java.endorsed.dirs" value="/Library/Java/JavaVirtualMachines/jdk1.8.0_121.jdk/Contents/Home/jre/lib/endorsed"/>
    <property name="os.arch" value="x86_64"/>
    <property name="java.io.tmpdir" value="/var/folders/t3/yjzk6jg55p74mpd9yqjw1hsm0000gn/T/"/>
    <property name="line.separator" value="&#10;"/>
    <property name="java.vm.specification.vendor" value="Oracle Corporation"/>
    <property name="os.name" value="Mac OS X"/>
    <property name="classworlds.conf" value="/usr/local/Cellar/maven/3.3.9/libexec/bin/m2.conf"/>
    <property name="sun.jnu.encoding" value="UTF-8"/>
    <property name="java.library.path" value="/Users/MatthewKay/Library/Java/Extensions:/Library/Java/Extensions:/Network/Library/Java/Extensions:/System/Library/Java/Extensions:/usr/lib/java:."/>
    <property name="java.specification.name" value="Java Platform API Specification"/>
    <property name="java.class.version" value="52.0"/>
    <property name="sun.management.compiler" value="HotSpot 64-Bit Tiered Compilers"/>
    <property name="os.version" value="10.12.6"/>
    <property name="http.nonProxyHosts" value="local|*.local|169.254/16|*.169.254/16"/>
    <property name="user.home" value="/Users/MatthewKay"/>
    <property name="user.timezone" value="America/New_York"/>
    <property name="java.awt.printerjob" value="sun.lwawt.macosx.CPrinterJob"/>
    <property name="java.specification.version" value="1.8"/>
    <property name="file.encoding" value="UTF-8"/>
    <property name="user.name" value="MatthewKay"/>
    <property name="java.class.path" value="/usr/local/Cellar/maven/3.3.9/libexec/boot/plexus-classworlds-2.5.2.jar"/>
    <property name="java.vm.specification.version" value="1.8"/>
    <property name="sun.arch.data.model" value="64"/>
    <property name="java.home" value="/Library/Java/JavaVirtualMachines/jdk1.8.0_121.jdk/Contents/Home/jre"/>
    <property name="sun.java.command" value="org.codehaus.plexus.classworlds.launcher.Launcher clean package"/>
    <property name="java.specification.vendor" value="Oracle Corporation"/>
    <property name="user.language" value="en"/>
    <property name="awt.toolkit" value="sun.lwawt.macosx.LWCToolkit"/>
    <property name="java.vm.info" value="mixed mode"/>
    <property name="java.version" value="1.8.0_121"/>
    <property name="java.ext.dirs" value="/Users/MatthewKay/Library/Java/Extensions:/Library/Java/JavaVirtualMachines/jdk1.8.0_121.jdk/Contents/Home/jre/lib/ext:/Library/Java/Extensions:/Network/Library/Java/Extensions:/System/Library/Java/Extensions:/usr/lib/java"/>
    <property name="sun.boot.class.path" value="/Library/Java/JavaVirtualMachines/jdk1.8.0_121.jdk/Contents/Home/jre/lib/resources.jar:/Library/Java/JavaVirtualMachines/jdk1.8.0_121.jdk/Contents/Home/jre/lib/rt.jar:/Library/Java/JavaVirtualMachines/jdk1.8.0_121.jdk/Contents/Home/jre/lib/sunrsasign.jar:/Library/Java/JavaVirtualMachines/jdk1.8.0_121.jdk/Contents/Home/jre/lib/jsse.jar:/Library/Java/JavaVirtualMachines/jdk1.8.0_121.jdk/Contents/Home/jre/lib/jce.jar:/Library/Java/JavaVirtualMachines/jdk1.8.0_121.jdk/Contents/Home/jre/lib/charsets.jar:/Library/Java/JavaVirtualMachines/jdk1.8.0_121.jdk/Contents/Home/jre/lib/jfr.jar:/Library/Java/JavaVirtualMachines/jdk1.8.0_121.jdk/Contents/Home/jre/classes"/>
    <property name="java.vendor" value="Oracle Corporation"/>
    <property name="maven.home" value="/usr/local/Cellar/maven/3.3.9/libexec"/>
    <property name="file.separator" value="/"/>
    <property name="java.vendor.url.bug" value="http://bugreport.sun.com/bugreport/"/>
    <property name="sun.cpu.endian" value="little"/>
    <property name="sun.io.unicode.encoding" value="UnicodeBig"/>
    <property name="socksNonProxyHosts" value="local|*.local|169.254/16|*.169.254/16"/>
    <property name="ftp.nonProxyHosts" value="local|*.local|169.254/16|*.169.254/16"/>
    <property name="sun.cpu.isalist" value=""/>
  </properties>
  <testcase name="getSearchLocales_shouldExcludeNotAllowedLocales" classname="org.openmrs.api.AdministrationServiceTest" time="0.519"/>
  <testcase name="setImplementationId_shouldSetUuidOnImplementationIdGlobalProperty" classname="org.openmrs.api.AdministrationServiceTest" time="0">
    <skipped/>
  </testcase>
  <testcase name="getGlobalPropertyObject_shouldReturnNullWhenNoGlobalPropertyMatchGivenPropertyName" classname="org.openmrs.api.AdministrationServiceTest" time="0.031"/>
  <testcase name="getGlobalPropertyValue_shouldReturnValueInTheSpecifiedDoubleType" classname="org.openmrs.api.AdministrationServiceTest" time="0.018"/>
  <testcase name="getPresentationLocales_shouldReturnLanguageLocaleIfItIsSpecifiedInAllowedListAndThereAreNoCountryLocaleMessageFilesAvailable" classname="org.openmrs.api.AdministrationServiceTest" time="0.025"/>
  <testcase name="saveGlobalProperties_shouldSavePropertiesWithCaseDifferenceOnly" classname="org.openmrs.api.AdministrationServiceTest" time="0.028"/>
  <testcase name="updateGlobalProperty_shouldFailIfGlobalPropertyBeingUpdatedDoesNotAlreadyExist" classname="org.openmrs.api.AdministrationServiceTest" time="0.018"/>
  <testcase name="getGlobalProperty_shouldGetPropertyInCaseInsensitiveWay" classname="org.openmrs.api.AdministrationServiceTest" time="0.013"/>
  <testcase name="setImplementationId_shouldThrowAPIExceptionIfGivenEmptyImplementationIdObject" classname="org.openmrs.api.AdministrationServiceTest" time="0.02"/>
  <testcase name="setGlobalProperty_shouldOverwriteGlobalPropertyIfExists" classname="org.openmrs.api.AdministrationServiceTest" time="0.019"/>
  <testcase name="getGlobalPropertyByUuid_shouldFindObjectGivenValidUuid" classname="org.openmrs.api.AdministrationServiceTest" time="0.013"/>
  <testcase name="updateGlobalProperty_shouldUpdateGlobalPropertyInDatabase" classname="org.openmrs.api.AdministrationServiceTest" time="0.025"/>
  <testcase name="saveGlobalProperties_shouldSaveAllGlobalPropertiesToTheDatabase" classname="org.openmrs.api.AdministrationServiceTest" time="0.056"/>
  <testcase name="saveGlobalProperty_shouldSaveAGlobalPropertyWhoseTypedValueIsHandledByACustomDatatype" classname="org.openmrs.api.AdministrationServiceTest" time="0.018"/>
  <testcase name="saveGlobalProperty_shouldCreateGlobalPropertyInDatabase" classname="org.openmrs.api.AdministrationServiceTest" time="0.031"/>
  <testcase name="getAllGlobalProperties_shouldReturnAllGlobalPropertiesInTheDatabase" classname="org.openmrs.api.AdministrationServiceTest" time="0.046"/>
  <testcase name="getPresentationLocales_shouldReturnAllCountryLocalesIfLanguageLocaleAndNoCountryLocalesAreSpecifiedInAllowedList" classname="org.openmrs.api.AdministrationServiceTest" time="0.021"/>
  <testcase name="getGlobalProperty_shouldNotFailWithNullPropertyName" classname="org.openmrs.api.AdministrationServiceTest" time="0.01"/>
  <testcase name="getAllowedLocales_shouldNotReturnDuplicatesEvenIfTheGlobalPropertyHasThem" classname="org.openmrs.api.AdministrationServiceTest" time="0.013"/>
  <testcase name="saveGlobalProperty_shouldOverwriteGlobalPropertyIfExists" classname="org.openmrs.api.AdministrationServiceTest" time="0.022"/>
  <testcase name="setGlobalProperty_shouldSaveAGlobalPropertyWhoseTypedValueIsHandledByACustomDatatype" classname="org.openmrs.api.AdministrationServiceTest" time="0.013"/>
  <testcase name="getGlobalProperty_shouldNotFailWithNullDefaultValue" classname="org.openmrs.api.AdministrationServiceTest" time="0.01"/>
  <testcase name="getPresentationLocales_shouldPreserveInsertionOrderInSetReturnedByMethod" classname="org.openmrs.api.AdministrationServiceTest" time="0.016"/>
  <testcase name="purgeGlobalProperties_shouldDeleteGlobalPropertiesFromDatabase" classname="org.openmrs.api.AdministrationServiceTest" time="0.022"/>
  <testcase name="saveGlobalProperty_shouldNotAllowDifferentPropertiesToHaveTheSameStringWithDifferentCase" classname="org.openmrs.api.AdministrationServiceTest" time="0.015"/>
  <testcase name="getPresentationLocales_shouldReturnLanguageLocaleIfCountryLocaleIsSpecifiedInAllowedListButCountryLocaleMessageFileIsMissing" classname="org.openmrs.api.AdministrationServiceTest" time="0.018"/>
  <testcase name="saveGlobalProperties_shouldAssignUuidToAllNewProperties" classname="org.openmrs.api.AdministrationServiceTest" time="0.034"/>
  <testcase name="setImplementationId_shouldOverwriteImplementationIdInDatabaseIfExists" classname="org.openmrs.api.AdministrationServiceTest" time="0">
    <skipped/>
  </testcase>
  <testcase name="getAllowedLocales_shouldReturnAtLeastOneLocaleIfNoLocalesDefinedInDatabaseYet" classname="org.openmrs.api.AdministrationServiceTest" time="0.009"/>
  <testcase name="getPresentationLocales_shouldReturnAtLeastOneLocaleIfNoLocalesDefinedInDatabaseYet" classname="org.openmrs.api.AdministrationServiceTest" time="0">
    <skipped/>
  </testcase>
  <testcase name="getGlobalPropertiesByPrefix_shouldReturnAllRelevantGlobalPropertiesInTheDatabase" classname="org.openmrs.api.AdministrationServiceTest" time="0.013"/>
  <testcase name="getGlobalPropertyByUuid_shouldReturnNullIfNoObjectFoundWithGivenUuid" classname="org.openmrs.api.AdministrationServiceTest" time="0.008"/>
  <testcase name="getGlobalPropertyValue_shouldReturnValueInTheSpecifiedIntegerType" classname="org.openmrs.api.AdministrationServiceTest" time="0.01"/>
  <testcase name="updateGlobalProperty_shouldUpdateAGlobalPropertyWhoseTypedvalueIsHandledByACustomDatatype" classname="org.openmrs.api.AdministrationServiceTest" time="0.023"/>
  <testcase name="getPresentationLocales_shouldNotReturnMoreLocalesThanMessageSourceServiceLocales" classname="org.openmrs.api.AdministrationServiceTest" time="0.083"/>
  <testcase name="getSystemVariables_shouldReturnAllRegisteredSystemVariables" classname="org.openmrs.api.AdministrationServiceTest" time="0.017"/>
  <testcase name="getImplementationId_shouldReturnNullIfNoImplementationIdIsDefinedYet" classname="org.openmrs.api.AdministrationServiceTest" time="0.014"/>
  <testcase name="getAllowedLocales_shouldNotFailIfNotGlobalPropertyForLocalesAllowedDefinedYet" classname="org.openmrs.api.AdministrationServiceTest" time="0.012"/>
  <testcase name="getPresentationLocales_shouldReturnOnlyCountryLocaleIfBothCountryLocaleAndLanguageLocaleAreSpecifiedInAllowedList" classname="org.openmrs.api.AdministrationServiceTest" time="0.016"/>
  <testcase name="getGlobalProperty_shouldReturnDefaultValueIfPropertyNameDoesNotExist" classname="org.openmrs.api.AdministrationServiceTest" time="0.011"/>
  <testcase name="setImplementationId_shouldNotFailIfGivenImplementationIdIsNull" classname="org.openmrs.api.AdministrationServiceTest" time="0.01"/>
  <testcase name="getSearchLocales_shouldIncludeUsersProficientLocales" classname="org.openmrs.api.AdministrationServiceTest" time="0.021"/>
  <testcase name="executeSQL_shouldExecuteSqlContainingGroupBy" classname="org.openmrs.api.AdministrationServiceTest" time="0.029"/>
  <testcase name="getSearchLocales_shouldCacheResultsForAnUser" classname="org.openmrs.api.AdministrationServiceTest" time="0.027"/>
  <testcase name="purgeGlobalProperty_shouldDeleteGlobalPropertyFromDatabase" classname="org.openmrs.api.AdministrationServiceTest" time="0.015"/>
  <testcase name="setImplementationId_shouldThrowAPIExceptionIfGivenACaretInTheImplementationIdCode" classname="org.openmrs.api.AdministrationServiceTest" time="0.009"/>
  <testcase name="setImplementationId_shouldThrowAPIExceptionIfGivenAPipeInTheImplementationIdCode" classname="org.openmrs.api.AdministrationServiceTest" time="0.007"/>
  <testcase name="setImplementationId_shouldCreateImplementationIdInDatabase" classname="org.openmrs.api.AdministrationServiceTest" time="0">
    <skipped/>
  </testcase>
  <testcase name="setGlobalProperty_shouldCreateGlobalPropertyInDatabase" classname="org.openmrs.api.AdministrationServiceTest" time="0.011"/>
  <testcase name="getGlobalPropertyValue_shouldReturnDefaultValueForMissingProperty" classname="org.openmrs.api.AdministrationServiceTest" time="0.012"/>
  <testcase name="getSearchLocales_shouldIncludeCurrentlySelectedFullLocaleAndLangugage" classname="org.openmrs.api.AdministrationServiceTest" time="0.012"/>
  <testcase name="validate_shouldThrowThrowAPIExceptionIfTheInputIsNull" classname="org.openmrs.api.AdministrationServiceTest" time="0.009"/>
  <testcase name="saveGlobalProperties_shouldNotFailWithEmptyList" classname="org.openmrs.api.AdministrationServiceTest" time="0.007"/>
  <testcase name="getGlobalProperty_shouldGetPropertyValueGivenValidPropertyName" classname="org.openmrs.api.AdministrationServiceTest" time="0.011"/>
  <testcase name="saveGlobalProperty_shouldEvictCachedResults" classname="org.openmrs.api.AdministrationServiceTest" time="0.021"/>
</testsuite>