<?xml version="1.0" encoding="UTF-8"?>
<testsuite name="org.openmrs.api.db.hibernate.HibernatePersonDAOTest" time="3.332" tests="41" errors="0" skipped="0" failures="0">
  <properties>
    <property name="java.runtime.name" value="Java(TM) SE Runtime Environment"/>
    <property name="sun.boot.library.path" value="/Library/Java/JavaVirtualMachines/jdk1.8.0_121.jdk/Contents/Home/jre/lib"/>
    <property name="java.vm.version" value="25.121-b13"/>
    <property name="gopherProxySet" value="false"/>
    <property name="java.vm.vendor" value="Oracle Corporation"/>
    <property name="maven.multiModuleProjectDirectory" value="/Users/MatthewKay/Documents/SeniorYear1stSemester/362/Project/openmrs-core"/>
    <property name="java.vendor.url" value="http://java.oracle.com/"/>
    <property name="path.separator" value=":"/>
    <property name="guice.disable.misplaced.annotation.check" value="true"/>
    <property name="java.vm.name" value="Java HotSpot(TM) 64-Bit Server VM"/>
    <property name="file.encoding.pkg" value="sun.io"/>
    <property name="user.country" value="US"/>
    <property name="sun.java.launcher" value="SUN_STANDARD"/>
    <property name="sun.os.patch.level" value="unknown"/>
    <property name="java.vm.specification.name" value="Java Virtual Machine Specification"/>
    <property name="user.dir" value="/Users/MatthewKay/Documents/SeniorYear1stSemester/362/Project/openmrs-core"/>
    <property name="java.runtime.version" value="1.8.0_121-b13"/>
    <property name="java.awt.graphicsenv" value="sun.awt.CGraphicsEnvironment"/>
    <property name="java.endorsed.dirs" value="/Library/Java/JavaVirtualMachines/jdk1.8.0_121.jdk/Contents/Home/jre/lib/endorsed"/>
    <property name="os.arch" value="x86_64"/>
    <property name="java.io.tmpdir" value="/var/folders/t3/yjzk6jg55p74mpd9yqjw1hsm0000gn/T/"/>
    <property name="line.separator" value="&#10;"/>
    <property name="java.vm.specification.vendor" value="Oracle Corporation"/>
    <property name="os.name" value="Mac OS X"/>
    <property name="classworlds.conf" value="/usr/local/Cellar/maven/3.3.9/libexec/bin/m2.conf"/>
    <property name="sun.jnu.encoding" value="UTF-8"/>
    <property name="java.library.path" value="/Users/MatthewKay/Library/Java/Extensions:/Library/Java/Extensions:/Network/Library/Java/Extensions:/System/Library/Java/Extensions:/usr/lib/java:."/>
    <property name="java.specification.name" value="Java Platform API Specification"/>
    <property name="java.class.version" value="52.0"/>
    <property name="sun.management.compiler" value="HotSpot 64-Bit Tiered Compilers"/>
    <property name="os.version" value="10.12.6"/>
    <property name="http.nonProxyHosts" value="local|*.local|169.254/16|*.169.254/16"/>
    <property name="user.home" value="/Users/MatthewKay"/>
    <property name="user.timezone" value="America/New_York"/>
    <property name="java.awt.printerjob" value="sun.lwawt.macosx.CPrinterJob"/>
    <property name="java.specification.version" value="1.8"/>
    <property name="file.encoding" value="UTF-8"/>
    <property name="user.name" value="MatthewKay"/>
    <property name="java.class.path" value="/usr/local/Cellar/maven/3.3.9/libexec/boot/plexus-classworlds-2.5.2.jar"/>
    <property name="java.vm.specification.version" value="1.8"/>
    <property name="sun.arch.data.model" value="64"/>
    <property name="java.home" value="/Library/Java/JavaVirtualMachines/jdk1.8.0_121.jdk/Contents/Home/jre"/>
    <property name="sun.java.command" value="org.codehaus.plexus.classworlds.launcher.Launcher clean package"/>
    <property name="java.specification.vendor" value="Oracle Corporation"/>
    <property name="user.language" value="en"/>
    <property name="awt.toolkit" value="sun.lwawt.macosx.LWCToolkit"/>
    <property name="java.vm.info" value="mixed mode"/>
    <property name="java.version" value="1.8.0_121"/>
    <property name="java.ext.dirs" value="/Users/MatthewKay/Library/Java/Extensions:/Library/Java/JavaVirtualMachines/jdk1.8.0_121.jdk/Contents/Home/jre/lib/ext:/Library/Java/Extensions:/Network/Library/Java/Extensions:/System/Library/Java/Extensions:/usr/lib/java"/>
    <property name="sun.boot.class.path" value="/Library/Java/JavaVirtualMachines/jdk1.8.0_121.jdk/Contents/Home/jre/lib/resources.jar:/Library/Java/JavaVirtualMachines/jdk1.8.0_121.jdk/Contents/Home/jre/lib/rt.jar:/Library/Java/JavaVirtualMachines/jdk1.8.0_121.jdk/Contents/Home/jre/lib/sunrsasign.jar:/Library/Java/JavaVirtualMachines/jdk1.8.0_121.jdk/Contents/Home/jre/lib/jsse.jar:/Library/Java/JavaVirtualMachines/jdk1.8.0_121.jdk/Contents/Home/jre/lib/jce.jar:/Library/Java/JavaVirtualMachines/jdk1.8.0_121.jdk/Contents/Home/jre/lib/charsets.jar:/Library/Java/JavaVirtualMachines/jdk1.8.0_121.jdk/Contents/Home/jre/lib/jfr.jar:/Library/Java/JavaVirtualMachines/jdk1.8.0_121.jdk/Contents/Home/jre/classes"/>
    <property name="java.vendor" value="Oracle Corporation"/>
    <property name="maven.home" value="/usr/local/Cellar/maven/3.3.9/libexec"/>
    <property name="file.separator" value="/"/>
    <property name="java.vendor.url.bug" value="http://bugreport.sun.com/bugreport/"/>
    <property name="sun.cpu.endian" value="little"/>
    <property name="sun.io.unicode.encoding" value="UnicodeBig"/>
    <property name="socksNonProxyHosts" value="local|*.local|169.254/16|*.169.254/16"/>
    <property name="ftp.nonProxyHosts" value="local|*.local|169.254/16|*.169.254/16"/>
    <property name="sun.cpu.isalist" value=""/>
  </properties>
  <testcase name="getPeople_shouldGetNoOneByNonexistingNameAndNonsearchableAttribute" classname="org.openmrs.api.db.hibernate.HibernatePersonDAOTest" time="0.247"/>
  <testcase name="getPeople_shouldGetVoidedByVoidedNameWhenVoidedIsTrue" classname="org.openmrs.api.db.hibernate.HibernatePersonDAOTest" time="0.145"/>
  <testcase name="getPeople_shouldGetNoOneByNonexistingAttribute" classname="org.openmrs.api.db.hibernate.HibernatePersonDAOTest" time="0.099"/>
  <testcase name="getPeople_shouldGetMultiplePeopleByMiddleName" classname="org.openmrs.api.db.hibernate.HibernatePersonDAOTest" time="0.081"/>
  <testcase name="getPeople_shouldGetOnePersonByFamilyName" classname="org.openmrs.api.db.hibernate.HibernatePersonDAOTest" time="0.084"/>
  <testcase name="getPeople_shouldGetNoOneByVoidedAttribute" classname="org.openmrs.api.db.hibernate.HibernatePersonDAOTest" time="0.083"/>
  <testcase name="getPeople_shouldGetOnePersonBySearchingForAMixOfAttributeAndVoidedAttribute" classname="org.openmrs.api.db.hibernate.HibernatePersonDAOTest" time="0.078"/>
  <testcase name="getPeople_shouldGetOnePersonByName" classname="org.openmrs.api.db.hibernate.HibernatePersonDAOTest" time="0.091"/>
  <testcase name="getPeople_shouldGetOnePersonByGivenName" classname="org.openmrs.api.db.hibernate.HibernatePersonDAOTest" time="0.078"/>
  <testcase name="getPeople_shouldNotGetDeadPerson" classname="org.openmrs.api.db.hibernate.HibernatePersonDAOTest" time="0.061"/>
  <testcase name="getPeople_shouldGetMultiplePeopleByGivenName" classname="org.openmrs.api.db.hibernate.HibernatePersonDAOTest" time="0.08"/>
  <testcase name="getPeople_shouldNotGetVoided" classname="org.openmrs.api.db.hibernate.HibernatePersonDAOTest" time="0.111"/>
  <testcase name="getPeople_shouldGetSingleDeadPerson" classname="org.openmrs.api.db.hibernate.HibernatePersonDAOTest" time="0.071"/>
  <testcase name="getPeople_shouldGetNoOneByNonexistingNameAndNonexistingAttribute" classname="org.openmrs.api.db.hibernate.HibernatePersonDAOTest" time="0.08"/>
  <testcase name="getPeople_shouldObeyAttributeMatchMode" classname="org.openmrs.api.db.hibernate.HibernatePersonDAOTest" time="0.104"/>
  <testcase name="savePerson_shouldSavePersonWithBirthDateTime" classname="org.openmrs.api.db.hibernate.HibernatePersonDAOTest" time="0.096"/>
  <testcase name="getPeople_shouldGetNoOneByVoidedName" classname="org.openmrs.api.db.hibernate.HibernatePersonDAOTest" time="0.072"/>
  <testcase name="getPeople_shouldGetOnePersonByMultipleNameParts" classname="org.openmrs.api.db.hibernate.HibernatePersonDAOTest" time="0.079"/>
  <testcase name="getPeople_shouldGetMultipleDeadPeople" classname="org.openmrs.api.db.hibernate.HibernatePersonDAOTest" time="0.074"/>
  <testcase name="getPeople_shouldGetMultiplePeopleByMultipleNames" classname="org.openmrs.api.db.hibernate.HibernatePersonDAOTest" time="0.061"/>
  <testcase name="getPeople_shouldGetMultiplePeopleByFamilyName" classname="org.openmrs.api.db.hibernate.HibernatePersonDAOTest" time="0.074"/>
  <testcase name="getPeople_shouldGetNoOneByNonexistingName" classname="org.openmrs.api.db.hibernate.HibernatePersonDAOTest" time="0.08"/>
  <testcase name="getPeople_shouldGetOnePersonByNameAndAttribute" classname="org.openmrs.api.db.hibernate.HibernatePersonDAOTest" time="0.076"/>
  <testcase name="getPeople_shouldGetMultiplePeopleBySingleName" classname="org.openmrs.api.db.hibernate.HibernatePersonDAOTest" time="0.069"/>
  <testcase name="getPeople_shouldGetOnePersonByRandomCaseName" classname="org.openmrs.api.db.hibernate.HibernatePersonDAOTest" time="0.088"/>
  <testcase name="getPeople_shouldNotGetVoidedPerson" classname="org.openmrs.api.db.hibernate.HibernatePersonDAOTest" time="0.073"/>
  <testcase name="getPeople_shouldGetOnePersonByRandomCaseAttribute" classname="org.openmrs.api.db.hibernate.HibernatePersonDAOTest" time="0.083"/>
  <testcase name="getPeople_shouldGetMultiplePeopleByFamilyName2" classname="org.openmrs.api.db.hibernate.HibernatePersonDAOTest" time="0.065"/>
  <testcase name="getPeople_shouldGetNoOneByNull" classname="org.openmrs.api.db.hibernate.HibernatePersonDAOTest" time="0.088"/>
  <testcase name="getPeople_shouldGetEveryOneByEmptyStringIncludingVoided" classname="org.openmrs.api.db.hibernate.HibernatePersonDAOTest" time="0.071"/>
  <testcase name="getPeople_shouldGetMultiplePeopleBySingleAttribute" classname="org.openmrs.api.db.hibernate.HibernatePersonDAOTest" time="0.072"/>
  <testcase name="getPeople_shouldGetNoOneByNonsearchableAttribute" classname="org.openmrs.api.db.hibernate.HibernatePersonDAOTest" time="0.065"/>
  <testcase name="getPeople_shouldGetOnePersonByMiddleName" classname="org.openmrs.api.db.hibernate.HibernatePersonDAOTest" time="0.059"/>
  <testcase name="getPeople_shouldGetMultiplePeopleByMultipleAttributes" classname="org.openmrs.api.db.hibernate.HibernatePersonDAOTest" time="0.063"/>
  <testcase name="getPeople_shouldGetEveryOneExceptVoidedByEmptyString" classname="org.openmrs.api.db.hibernate.HibernatePersonDAOTest" time="0.055"/>
  <testcase name="getPeople_shouldGetNoOneByNonexistingNameAndVoidedAttribute" classname="org.openmrs.api.db.hibernate.HibernatePersonDAOTest" time="0.064"/>
  <testcase name="getPeople_shouldGetOnePersonByAttribute" classname="org.openmrs.api.db.hibernate.HibernatePersonDAOTest" time="0.065"/>
  <testcase name="getPeople_shouldGetOnePersonByNameAndVoidedAttribute" classname="org.openmrs.api.db.hibernate.HibernatePersonDAOTest" time="0.063"/>
  <testcase name="getPeople_shouldGetMultiplePeopleByMultipleNameParts" classname="org.openmrs.api.db.hibernate.HibernatePersonDAOTest" time="0.061"/>
  <testcase name="getPeople_shouldGetMultiplePeopleByNameAndAttribute" classname="org.openmrs.api.db.hibernate.HibernatePersonDAOTest" time="0.066"/>
  <testcase name="getPeople_shouldGetOnePersonByFamilyName2" classname="org.openmrs.api.db.hibernate.HibernatePersonDAOTest" time="0.057"/>
</testsuite>