<?xml version="1.0" encoding="UTF-8"?>
<testsuite name="org.openmrs.api.ProviderServiceTest" time="0.783" tests="40" errors="0" skipped="2" failures="0">
  <properties>
    <property name="java.runtime.name" value="Java(TM) SE Runtime Environment"/>
    <property name="sun.boot.library.path" value="/Library/Java/JavaVirtualMachines/jdk1.8.0_121.jdk/Contents/Home/jre/lib"/>
    <property name="java.vm.version" value="25.121-b13"/>
    <property name="gopherProxySet" value="false"/>
    <property name="java.vm.vendor" value="Oracle Corporation"/>
    <property name="maven.multiModuleProjectDirectory" value="/Users/MatthewKay/Documents/SeniorYear1stSemester/362/Project/openmrs-core"/>
    <property name="java.vendor.url" value="http://java.oracle.com/"/>
    <property name="path.separator" value=":"/>
    <property name="guice.disable.misplaced.annotation.check" value="true"/>
    <property name="java.vm.name" value="Java HotSpot(TM) 64-Bit Server VM"/>
    <property name="file.encoding.pkg" value="sun.io"/>
    <property name="user.country" value="US"/>
    <property name="sun.java.launcher" value="SUN_STANDARD"/>
    <property name="sun.os.patch.level" value="unknown"/>
    <property name="java.vm.specification.name" value="Java Virtual Machine Specification"/>
    <property name="user.dir" value="/Users/MatthewKay/Documents/SeniorYear1stSemester/362/Project/openmrs-core"/>
    <property name="java.runtime.version" value="1.8.0_121-b13"/>
    <property name="java.awt.graphicsenv" value="sun.awt.CGraphicsEnvironment"/>
    <property name="java.endorsed.dirs" value="/Library/Java/JavaVirtualMachines/jdk1.8.0_121.jdk/Contents/Home/jre/lib/endorsed"/>
    <property name="os.arch" value="x86_64"/>
    <property name="java.io.tmpdir" value="/var/folders/t3/yjzk6jg55p74mpd9yqjw1hsm0000gn/T/"/>
    <property name="line.separator" value="&#10;"/>
    <property name="java.vm.specification.vendor" value="Oracle Corporation"/>
    <property name="os.name" value="Mac OS X"/>
    <property name="classworlds.conf" value="/usr/local/Cellar/maven/3.3.9/libexec/bin/m2.conf"/>
    <property name="sun.jnu.encoding" value="UTF-8"/>
    <property name="java.library.path" value="/Users/MatthewKay/Library/Java/Extensions:/Library/Java/Extensions:/Network/Library/Java/Extensions:/System/Library/Java/Extensions:/usr/lib/java:."/>
    <property name="java.specification.name" value="Java Platform API Specification"/>
    <property name="java.class.version" value="52.0"/>
    <property name="sun.management.compiler" value="HotSpot 64-Bit Tiered Compilers"/>
    <property name="os.version" value="10.12.6"/>
    <property name="http.nonProxyHosts" value="local|*.local|169.254/16|*.169.254/16"/>
    <property name="user.home" value="/Users/MatthewKay"/>
    <property name="user.timezone" value="America/New_York"/>
    <property name="java.awt.printerjob" value="sun.lwawt.macosx.CPrinterJob"/>
    <property name="java.specification.version" value="1.8"/>
    <property name="file.encoding" value="UTF-8"/>
    <property name="user.name" value="MatthewKay"/>
    <property name="java.class.path" value="/usr/local/Cellar/maven/3.3.9/libexec/boot/plexus-classworlds-2.5.2.jar"/>
    <property name="java.vm.specification.version" value="1.8"/>
    <property name="sun.arch.data.model" value="64"/>
    <property name="java.home" value="/Library/Java/JavaVirtualMachines/jdk1.8.0_121.jdk/Contents/Home/jre"/>
    <property name="sun.java.command" value="org.codehaus.plexus.classworlds.launcher.Launcher clean package"/>
    <property name="java.specification.vendor" value="Oracle Corporation"/>
    <property name="user.language" value="en"/>
    <property name="awt.toolkit" value="sun.lwawt.macosx.LWCToolkit"/>
    <property name="java.vm.info" value="mixed mode"/>
    <property name="java.version" value="1.8.0_121"/>
    <property name="java.ext.dirs" value="/Users/MatthewKay/Library/Java/Extensions:/Library/Java/JavaVirtualMachines/jdk1.8.0_121.jdk/Contents/Home/jre/lib/ext:/Library/Java/Extensions:/Network/Library/Java/Extensions:/System/Library/Java/Extensions:/usr/lib/java"/>
    <property name="sun.boot.class.path" value="/Library/Java/JavaVirtualMachines/jdk1.8.0_121.jdk/Contents/Home/jre/lib/resources.jar:/Library/Java/JavaVirtualMachines/jdk1.8.0_121.jdk/Contents/Home/jre/lib/rt.jar:/Library/Java/JavaVirtualMachines/jdk1.8.0_121.jdk/Contents/Home/jre/lib/sunrsasign.jar:/Library/Java/JavaVirtualMachines/jdk1.8.0_121.jdk/Contents/Home/jre/lib/jsse.jar:/Library/Java/JavaVirtualMachines/jdk1.8.0_121.jdk/Contents/Home/jre/lib/jce.jar:/Library/Java/JavaVirtualMachines/jdk1.8.0_121.jdk/Contents/Home/jre/lib/charsets.jar:/Library/Java/JavaVirtualMachines/jdk1.8.0_121.jdk/Contents/Home/jre/lib/jfr.jar:/Library/Java/JavaVirtualMachines/jdk1.8.0_121.jdk/Contents/Home/jre/classes"/>
    <property name="java.vendor" value="Oracle Corporation"/>
    <property name="maven.home" value="/usr/local/Cellar/maven/3.3.9/libexec"/>
    <property name="file.separator" value="/"/>
    <property name="java.vendor.url.bug" value="http://bugreport.sun.com/bugreport/"/>
    <property name="sun.cpu.endian" value="little"/>
    <property name="sun.io.unicode.encoding" value="UnicodeBig"/>
    <property name="socksNonProxyHosts" value="local|*.local|169.254/16|*.169.254/16"/>
    <property name="ftp.nonProxyHosts" value="local|*.local|169.254/16|*.169.254/16"/>
    <property name="sun.cpu.isalist" value=""/>
  </properties>
  <testcase name="unretireProvider_shouldUnretireAProvider" classname="org.openmrs.api.ProviderServiceTest" time="0.21"/>
  <testcase name="getProviders_shouldFetchProviderByMatchingQueryStringWithAnyUnVoidedPersonsFamilyName" classname="org.openmrs.api.ProviderServiceTest" time="0.02"/>
  <testcase name="getProviderAttributeTypeByUuid_shouldGetTheProviderAttributeTypeByItsUuid" classname="org.openmrs.api.ProviderServiceTest" time="0.015"/>
  <testcase name="getProviders_shouldGetAllProvidersWithGivenAttributeValues" classname="org.openmrs.api.ProviderServiceTest" time="0.017"/>
  <testcase name="getProviders_shouldReturnAllProvidersIfQueryIsEmptyAndIncludeRetiredTrue" classname="org.openmrs.api.ProviderServiceTest" time="0.014"/>
  <testcase name="retireProviderAttributeType_shouldRetireProviderTypeAttribute" classname="org.openmrs.api.ProviderServiceTest" time="0.019"/>
  <testcase name="getProviders_shouldFindProviderByIdentifier" classname="org.openmrs.api.ProviderServiceTest" time="0.013"/>
  <testcase name="isProviderIdentifierUnique_shouldReturnTrueIfTheIdentifierIsABlankString" classname="org.openmrs.api.ProviderServiceTest" time="0.011"/>
  <testcase name="getAllProviders_shouldGetAllProvidersThatAreUnretired" classname="org.openmrs.api.ProviderServiceTest" time="0.028"/>
  <testcase name="getProvidersByPerson_shouldReturnProvidersForGivenPerson" classname="org.openmrs.api.ProviderServiceTest" time="0.013"/>
  <testcase name="getProviderAttributeByUuid_shouldGetProviderAttributeGivenUuid" classname="org.openmrs.api.ProviderServiceTest" time="0.013"/>
  <testcase name="getProviders_shouldFetchProviderByMatchingQueryStringWithAnyUnVoidedPersonNamesGivenName" classname="org.openmrs.api.ProviderServiceTest" time="0.017"/>
  <testcase name="retireProvider_shouldRetireAProvider" classname="org.openmrs.api.ProviderServiceTest" time="0.013"/>
  <testcase name="getProviders_shouldNotReturnRetiredProvidersIfIncludeRetiredIsFalse" classname="org.openmrs.api.ProviderServiceTest" time="0.015"/>
  <testcase name="purgeProvider_shouldDeleteAProvider" classname="org.openmrs.api.ProviderServiceTest" time="0.012"/>
  <testcase name="purgeProviderAttributeType_shouldDeleteAProviderAttributeType" classname="org.openmrs.api.ProviderServiceTest" time="0.01"/>
  <testcase name="getCountOfProviders_shouldExcludeRetiredProviders" classname="org.openmrs.api.ProviderServiceTest" time="0">
    <skipped/>
  </testcase>
  <testcase name="getProviderAttributeType_shouldGetProviderAttributeTypeForTheGivenId" classname="org.openmrs.api.ProviderServiceTest" time="0.01"/>
  <testcase name="getProviders_shouldFetchProviderByMatchingQueryStringWithAnyUnVoidedPersonNamesMiddleName" classname="org.openmrs.api.ProviderServiceTest" time="0.014"/>
  <testcase name="saveProviderAttributeType_shouldSaveTheProviderAttributeType" classname="org.openmrs.api.ProviderServiceTest" time="0.013"/>
  <testcase name="getProviders_shouldFetchProviderWithGivenNameWithCaseInSensitive" classname="org.openmrs.api.ProviderServiceTest" time="0.012"/>
  <testcase name="getAllProviderAttributeTypes_shouldGetAllProviderAttributeTypesIncludingRetiredByDefault" classname="org.openmrs.api.ProviderServiceTest" time="0.01"/>
  <testcase name="getProviderAttribute_shouldGetProviderAttributeGivenID" classname="org.openmrs.api.ProviderServiceTest" time="0.012"/>
  <testcase name="getProvider_shouldGetProviderGivenID" classname="org.openmrs.api.ProviderServiceTest" time="0.013"/>
  <testcase name="saveProvider_shouldSaveAProviderWithPersonAlone" classname="org.openmrs.api.ProviderServiceTest" time="0.012"/>
  <testcase name="getProviderByIdentifier_shouldGetAProviderMatchingTheSpecifiedIdentifierIgnoringCase" classname="org.openmrs.api.ProviderServiceTest" time="0.011"/>
  <testcase name="getAllProviders_shouldGetAllProviders" classname="org.openmrs.api.ProviderServiceTest" time="0.014"/>
  <testcase name="getUnknownProvider_shouldGetTheUnknownProviderAccount" classname="org.openmrs.api.ProviderServiceTest" time="0.017"/>
  <testcase name="getAllProviderAttributeTypes_shouldGetAllProviderAttributeTypesExcludingRetired" classname="org.openmrs.api.ProviderServiceTest" time="0.014"/>
  <testcase name="getAllProviderAttributeTypes_shouldGetAllProviderAttributeTypesIncludingRetired" classname="org.openmrs.api.ProviderServiceTest" time="0.012"/>
  <testcase name="isProviderIdentifierUnique_shouldReturnFalseIfTheIdentifierIsADuplicate" classname="org.openmrs.api.ProviderServiceTest" time="0.018"/>
  <testcase name="getCountOfProviders_shouldIncludeRetiredProvidersIfIncludeRetiredIsSetToTrue" classname="org.openmrs.api.ProviderServiceTest" time="0">
    <skipped/>
  </testcase>
  <testcase name="getProviderByUuid_shouldGetProviderGivenUuid" classname="org.openmrs.api.ProviderServiceTest" time="0.013"/>
  <testcase name="getProviders_shouldNotFindAnyProvidersIfNoneHaveGivenAttributeValues" classname="org.openmrs.api.ProviderServiceTest" time="0.023"/>
  <testcase name="getProviders_shouldReturnRetiredProvidersByDefault" classname="org.openmrs.api.ProviderServiceTest" time="0.025"/>
  <testcase name="getCountOfProviders_shouldFetchNumberOfProviderMatchingGivenQuery" classname="org.openmrs.api.ProviderServiceTest" time="0.027"/>
  <testcase name="getProvidersByPerson_shouldFailIfPersonIsNull" classname="org.openmrs.api.ProviderServiceTest" time="0.015"/>
  <testcase name="isProviderIdentifierUnique_shouldReturnTrueIfTheIdentifierIsNull" classname="org.openmrs.api.ProviderServiceTest" time="0.017"/>
  <testcase name="getProviders_shouldNotFetchProviderIfTheQueryStringMatchesWithAnyVoidedPersonNameForThat" classname="org.openmrs.api.ProviderServiceTest" time="0.018"/>
  <testcase name="unretireProviderAttributeType_shouldUnretireAProviderAttributeType" classname="org.openmrs.api.ProviderServiceTest" time="0.023"/>
</testsuite>