<?xml version="1.0" encoding="UTF-8"?>
<testsuite name="org.openmrs.ObsTest" time="0.059" tests="58" errors="0" skipped="0" failures="0">
  <properties>
    <property name="java.runtime.name" value="Java(TM) SE Runtime Environment"/>
    <property name="sun.boot.library.path" value="/Library/Java/JavaVirtualMachines/jdk1.8.0_121.jdk/Contents/Home/jre/lib"/>
    <property name="java.vm.version" value="25.121-b13"/>
    <property name="gopherProxySet" value="false"/>
    <property name="java.vm.vendor" value="Oracle Corporation"/>
    <property name="maven.multiModuleProjectDirectory" value="/Users/MatthewKay/Documents/SeniorYear1stSemester/362/Project/openmrs-core"/>
    <property name="java.vendor.url" value="http://java.oracle.com/"/>
    <property name="path.separator" value=":"/>
    <property name="guice.disable.misplaced.annotation.check" value="true"/>
    <property name="java.vm.name" value="Java HotSpot(TM) 64-Bit Server VM"/>
    <property name="file.encoding.pkg" value="sun.io"/>
    <property name="user.country" value="US"/>
    <property name="sun.java.launcher" value="SUN_STANDARD"/>
    <property name="sun.os.patch.level" value="unknown"/>
    <property name="java.vm.specification.name" value="Java Virtual Machine Specification"/>
    <property name="user.dir" value="/Users/MatthewKay/Documents/SeniorYear1stSemester/362/Project/openmrs-core"/>
    <property name="java.runtime.version" value="1.8.0_121-b13"/>
    <property name="java.awt.graphicsenv" value="sun.awt.CGraphicsEnvironment"/>
    <property name="java.endorsed.dirs" value="/Library/Java/JavaVirtualMachines/jdk1.8.0_121.jdk/Contents/Home/jre/lib/endorsed"/>
    <property name="os.arch" value="x86_64"/>
    <property name="java.io.tmpdir" value="/var/folders/t3/yjzk6jg55p74mpd9yqjw1hsm0000gn/T/"/>
    <property name="line.separator" value="&#10;"/>
    <property name="java.vm.specification.vendor" value="Oracle Corporation"/>
    <property name="os.name" value="Mac OS X"/>
    <property name="classworlds.conf" value="/usr/local/Cellar/maven/3.3.9/libexec/bin/m2.conf"/>
    <property name="sun.jnu.encoding" value="UTF-8"/>
    <property name="java.library.path" value="/Users/MatthewKay/Library/Java/Extensions:/Library/Java/Extensions:/Network/Library/Java/Extensions:/System/Library/Java/Extensions:/usr/lib/java:."/>
    <property name="java.specification.name" value="Java Platform API Specification"/>
    <property name="java.class.version" value="52.0"/>
    <property name="sun.management.compiler" value="HotSpot 64-Bit Tiered Compilers"/>
    <property name="os.version" value="10.12.6"/>
    <property name="http.nonProxyHosts" value="local|*.local|169.254/16|*.169.254/16"/>
    <property name="user.home" value="/Users/MatthewKay"/>
    <property name="user.timezone" value="America/New_York"/>
    <property name="java.awt.printerjob" value="sun.lwawt.macosx.CPrinterJob"/>
    <property name="java.specification.version" value="1.8"/>
    <property name="file.encoding" value="UTF-8"/>
    <property name="user.name" value="MatthewKay"/>
    <property name="java.class.path" value="/usr/local/Cellar/maven/3.3.9/libexec/boot/plexus-classworlds-2.5.2.jar"/>
    <property name="java.vm.specification.version" value="1.8"/>
    <property name="sun.arch.data.model" value="64"/>
    <property name="java.home" value="/Library/Java/JavaVirtualMachines/jdk1.8.0_121.jdk/Contents/Home/jre"/>
    <property name="sun.java.command" value="org.codehaus.plexus.classworlds.launcher.Launcher clean package"/>
    <property name="java.specification.vendor" value="Oracle Corporation"/>
    <property name="user.language" value="en"/>
    <property name="awt.toolkit" value="sun.lwawt.macosx.LWCToolkit"/>
    <property name="java.vm.info" value="mixed mode"/>
    <property name="java.version" value="1.8.0_121"/>
    <property name="java.ext.dirs" value="/Users/MatthewKay/Library/Java/Extensions:/Library/Java/JavaVirtualMachines/jdk1.8.0_121.jdk/Contents/Home/jre/lib/ext:/Library/Java/Extensions:/Network/Library/Java/Extensions:/System/Library/Java/Extensions:/usr/lib/java"/>
    <property name="sun.boot.class.path" value="/Library/Java/JavaVirtualMachines/jdk1.8.0_121.jdk/Contents/Home/jre/lib/resources.jar:/Library/Java/JavaVirtualMachines/jdk1.8.0_121.jdk/Contents/Home/jre/lib/rt.jar:/Library/Java/JavaVirtualMachines/jdk1.8.0_121.jdk/Contents/Home/jre/lib/sunrsasign.jar:/Library/Java/JavaVirtualMachines/jdk1.8.0_121.jdk/Contents/Home/jre/lib/jsse.jar:/Library/Java/JavaVirtualMachines/jdk1.8.0_121.jdk/Contents/Home/jre/lib/jce.jar:/Library/Java/JavaVirtualMachines/jdk1.8.0_121.jdk/Contents/Home/jre/lib/charsets.jar:/Library/Java/JavaVirtualMachines/jdk1.8.0_121.jdk/Contents/Home/jre/lib/jfr.jar:/Library/Java/JavaVirtualMachines/jdk1.8.0_121.jdk/Contents/Home/jre/classes"/>
    <property name="java.vendor" value="Oracle Corporation"/>
    <property name="maven.home" value="/usr/local/Cellar/maven/3.3.9/libexec"/>
    <property name="file.separator" value="/"/>
    <property name="java.vendor.url.bug" value="http://bugreport.sun.com/bugreport/"/>
    <property name="sun.cpu.endian" value="little"/>
    <property name="sun.io.unicode.encoding" value="UnicodeBig"/>
    <property name="socksNonProxyHosts" value="local|*.local|169.254/16|*.169.254/16"/>
    <property name="ftp.nonProxyHosts" value="local|*.local|169.254/16|*.169.254/16"/>
    <property name="sun.cpu.isalist" value=""/>
  </properties>
  <testcase name="setGroupMembers_shouldNotMarkTheExistingObsAsDirtyWhenTheSetIsReplacedWithAnotherWithDifferentMembers" classname="org.openmrs.ObsTest" time="0"/>
  <testcase name="getValueAsString_shouldUseCommasOrDecimalPlacesDependingOnLocale" classname="org.openmrs.ObsTest" time="0.006"/>
  <testcase name="isDirty_shouldReturnTrueWhenAnyImmutableFieldHasBeenChangedForEditedObs" classname="org.openmrs.ObsTest" time="0.003"/>
  <testcase name="shouldSetFinalStatusOnNewObsByDefault" classname="org.openmrs.ObsTest" time="0"/>
  <testcase name="removeGroupMember_shouldReturnFalseForDirtyFlagWhenAnObsIsRemovedFromGroup" classname="org.openmrs.ObsTest" time="0"/>
  <testcase name="isComplex_shouldReturnTrueIfTheConceptIsComplex" classname="org.openmrs.ObsTest" time="0.003"/>
  <testcase name="isDirty_shouldReturnFalseWhenAnImmutableFieldIsChangedFromANullToANonNullValueInNewObs" classname="org.openmrs.ObsTest" time="0"/>
  <testcase name="getValueAsBoolean_shouldReturnNullForValue_numericConceptsIfValueIsNeither1Nor0" classname="org.openmrs.ObsTest" time="0"/>
  <testcase name="getValueAsString_shouldNotReturnLongDecimalNumbersAsScientificNotation" classname="org.openmrs.ObsTest" time="0"/>
  <testcase name="setValueAsString_shouldFailIfTheValueOfTheStringIsEmpty" classname="org.openmrs.ObsTest" time="0"/>
  <testcase name="shouldSupportInterpretationProperty" classname="org.openmrs.ObsTest" time="0.001"/>
  <testcase name="setObsDateTime_shouldNotMarkTheObsAsDirtyWhenDateIsNotChangedAndExistingValueIsOfTimeStampType" classname="org.openmrs.ObsTest" time="0"/>
  <testcase name="addGroupMember_shouldReturnFalseWhenANewObsIsAddedAsAMember" classname="org.openmrs.ObsTest" time="0"/>
  <testcase name="isDirty_shouldReturnTrueWhenAnImmutableFieldIsChangedFromANullToANonNullValueInExistingObs" classname="org.openmrs.ObsTest" time="0"/>
  <testcase name="getValueAsString_shouldReturnRegularNumberIfDecimalPlacesAreAsHighAsSix" classname="org.openmrs.ObsTest" time="0.001"/>
  <testcase name="getValueAsString_shouldReturnLocalizedCodedConcept" classname="org.openmrs.ObsTest" time="0.003"/>
  <testcase name="setFormField_shouldMarkTheObsAsDirtyWhenTheValueIsChangedFromANonNullToANullValue" classname="org.openmrs.ObsTest" time="0"/>
  <testcase name="removeGroupMember_shouldReturnDirtyFalseWhenAnObsIsRemoved" classname="org.openmrs.ObsTest" time="0"/>
  <testcase name="setFormField_shouldMarkTheObsAsDirtyWhenTheValueHasBeenChanged" classname="org.openmrs.ObsTest" time="0"/>
  <testcase name="setFormField_shouldRejectANamepaceContainingTheSeparator" classname="org.openmrs.ObsTest" time="0"/>
  <testcase name="newInstance_shouldCopyMostFields" classname="org.openmrs.ObsTest" time="0"/>
  <testcase name="setGroupMembers_shouldNotMarkNewObsAsDirtyWhenTheSetIsChangedFromNullToANonEmptyOne" classname="org.openmrs.ObsTest" time="0.003"/>
  <testcase name="isDirty_shouldReturnTrueWhenAnImmutableFieldIsChangedFromANonNullToANullValueForEditedObs" classname="org.openmrs.ObsTest" time="0.002"/>
  <testcase name="setValueAsString_shouldFailIfTheValueOfTheStringIsNull" classname="org.openmrs.ObsTest" time="0"/>
  <testcase name="addGroupMember_shouldReturnFalseWhenADuplicateObsIsAddedAsAMemberToNewObs" classname="org.openmrs.ObsTest" time="0"/>
  <testcase name="isDirty_shouldReturnFalseWhenNoChangeHasBeenMade" classname="org.openmrs.ObsTest" time="0.004"/>
  <testcase name="shouldAddandRemoveObsToGroup" classname="org.openmrs.ObsTest" time="0"/>
  <testcase name="setGroupMembers_shouldNotMarkTheObsAsDirtyWhenTheSetIsChangedFromNullToAnEmptyOne" classname="org.openmrs.ObsTest" time="0"/>
  <testcase name="getFormFieldPath_shouldReturnTheCorrectPathForAFormFieldWithANamespace" classname="org.openmrs.ObsTest" time="0"/>
  <testcase name="hasGroupMembers_shouldReturnTrueIfThisObsHasGroupMembersBasedOnParameter" classname="org.openmrs.ObsTest" time="0"/>
  <testcase name="getValueAsBoolean_shouldReturnTrueForValue_numericConceptsIfValueIs1" classname="org.openmrs.ObsTest" time="0"/>
  <testcase name="getValueAsString_shouldReturnRegularNumberForSizeOfZeroToOrGreaterThanTenDigits" classname="org.openmrs.ObsTest" time="0.001"/>
  <testcase name="setFormField_shouldMarkTheObsAsDirtyWhenTheValueIsChangedFromANullToANonNullValue" classname="org.openmrs.ObsTest" time="0"/>
  <testcase name="addGroupMember_shouldReturnFalseWhenADuplicateObsIsAddedAsAMember" classname="org.openmrs.ObsTest" time="0"/>
  <testcase name="setFormField_shouldNotMarkTheObsAsDirtyWhenTheValueHasNotBeenChanged" classname="org.openmrs.ObsTest" time="0"/>
  <testcase name="shouldGetRelatedObservations" classname="org.openmrs.ObsTest" time="0"/>
  <testcase name="getFormFieldNamespace_shouldReturnTheCorrectNamespaceForAFormFieldWithAPath" classname="org.openmrs.ObsTest" time="0"/>
  <testcase name="setGroupMembers_shouldNotMarkTheObsAsDirtyWhenTheSetIsReplacedWithAnotherWithSameMembers" classname="org.openmrs.ObsTest" time="0.001"/>
  <testcase name="isDirty_shouldReturnFalseWhenAnyImmutableFieldHasBeenChangedForNewObs" classname="org.openmrs.ObsTest" time="0.001"/>
  <testcase name="getValueAsString_shouldReturnDateInCorrectFormat" classname="org.openmrs.ObsTest" time="0.001"/>
  <testcase name="getFormFieldPath_shouldReturnNullIfThePathIsNotSpecified" classname="org.openmrs.ObsTest" time="0.001"/>
  <testcase name="isDirty_shouldReturnFalsWhenAnImmutableFieldIsChangedFromANonNullToANullValueForNewObs" classname="org.openmrs.ObsTest" time="0.009"/>
  <testcase name="removeGroupMember_shouldReturnFalseWhenANonExistentObsIsRemoved" classname="org.openmrs.ObsTest" time="0"/>
  <testcase name="getFormFieldNamespace_shouldReturnTheNamespaceForAFormFieldThatHasNoPath" classname="org.openmrs.ObsTest" time="0"/>
  <testcase name="isObsGrouping_shouldIncludeVoidedObs" classname="org.openmrs.ObsTest" time="0"/>
  <testcase name="getValueAsBoolean_shouldReturnFalseForValue_numericConceptsIfValueIs0" classname="org.openmrs.ObsTest" time="0"/>
  <testcase name="setValueBoolean_shouldNotSetValueForNonBooleanConcept" classname="org.openmrs.ObsTest" time="0"/>
  <testcase name="isDirty_shouldReturnFalseWhenOnlyMutableFieldsAreChanged" classname="org.openmrs.ObsTest" time="0"/>
  <testcase name="setFormField_shouldSetTheUnderlyingFormNamespaceAndPathInTheCorrectPattern" classname="org.openmrs.ObsTest" time="0"/>
  <testcase name="setGroupMembers_shouldNotMarkTheNewObsAsDirtyWhenTheSetIsReplacedWithAnotherWithDifferentMembers" classname="org.openmrs.ObsTest" time="0"/>
  <testcase name="getValueAsString_shouldReturnNonPreciseValuesForNumericConcepts" classname="org.openmrs.ObsTest" time="0"/>
  <testcase name="getFormFieldNamespace_shouldReturnNullIfTheNamespaceIsNotSpecified" classname="org.openmrs.ObsTest" time="0"/>
  <testcase name="setFormField_shouldRejectAPathContainingTheSeparator" classname="org.openmrs.ObsTest" time="0"/>
  <testcase name="getGroupMembers_shouldGetAllGroupMembersIfPassedTrueAndNonvoidedIfPassedFalse" classname="org.openmrs.ObsTest" time="0.001"/>
  <testcase name="getFormFieldPath_shouldReturnThePathForAFormFieldThatHasNoNamespace" classname="org.openmrs.ObsTest" time="0"/>
  <testcase name="setGroupMembers_shouldNotMarkTheExistingObsAsDirtyWhenTheSetIsChangedFromNullToANonEmptyOne" classname="org.openmrs.ObsTest" time="0"/>
  <testcase name="getValueAsString_shouldNotUseThousandSeparator" classname="org.openmrs.ObsTest" time="0.017"/>
  <testcase name="setFormField_shouldRejectANamepaceAndPathCombinationLongerThanTheMaxLength" classname="org.openmrs.ObsTest" time="0.001"/>
</testsuite>