<?xml version="1.0" encoding="UTF-8"?>
<testsuite name="org.openmrs.api.UserServiceTest" time="2.928" tests="93" errors="0" skipped="1" failures="0">
  <properties>
    <property name="java.runtime.name" value="Java(TM) SE Runtime Environment"/>
    <property name="sun.boot.library.path" value="/Library/Java/JavaVirtualMachines/jdk1.8.0_121.jdk/Contents/Home/jre/lib"/>
    <property name="java.vm.version" value="25.121-b13"/>
    <property name="gopherProxySet" value="false"/>
    <property name="java.vm.vendor" value="Oracle Corporation"/>
    <property name="maven.multiModuleProjectDirectory" value="/Users/MatthewKay/Documents/SeniorYear1stSemester/362/Project/openmrs-core"/>
    <property name="java.vendor.url" value="http://java.oracle.com/"/>
    <property name="path.separator" value=":"/>
    <property name="guice.disable.misplaced.annotation.check" value="true"/>
    <property name="java.vm.name" value="Java HotSpot(TM) 64-Bit Server VM"/>
    <property name="file.encoding.pkg" value="sun.io"/>
    <property name="user.country" value="US"/>
    <property name="sun.java.launcher" value="SUN_STANDARD"/>
    <property name="sun.os.patch.level" value="unknown"/>
    <property name="java.vm.specification.name" value="Java Virtual Machine Specification"/>
    <property name="user.dir" value="/Users/MatthewKay/Documents/SeniorYear1stSemester/362/Project/openmrs-core"/>
    <property name="java.runtime.version" value="1.8.0_121-b13"/>
    <property name="java.awt.graphicsenv" value="sun.awt.CGraphicsEnvironment"/>
    <property name="java.endorsed.dirs" value="/Library/Java/JavaVirtualMachines/jdk1.8.0_121.jdk/Contents/Home/jre/lib/endorsed"/>
    <property name="os.arch" value="x86_64"/>
    <property name="java.io.tmpdir" value="/var/folders/t3/yjzk6jg55p74mpd9yqjw1hsm0000gn/T/"/>
    <property name="line.separator" value="&#10;"/>
    <property name="java.vm.specification.vendor" value="Oracle Corporation"/>
    <property name="os.name" value="Mac OS X"/>
    <property name="classworlds.conf" value="/usr/local/Cellar/maven/3.3.9/libexec/bin/m2.conf"/>
    <property name="sun.jnu.encoding" value="UTF-8"/>
    <property name="java.library.path" value="/Users/MatthewKay/Library/Java/Extensions:/Library/Java/Extensions:/Network/Library/Java/Extensions:/System/Library/Java/Extensions:/usr/lib/java:."/>
    <property name="java.specification.name" value="Java Platform API Specification"/>
    <property name="java.class.version" value="52.0"/>
    <property name="sun.management.compiler" value="HotSpot 64-Bit Tiered Compilers"/>
    <property name="os.version" value="10.12.6"/>
    <property name="http.nonProxyHosts" value="local|*.local|169.254/16|*.169.254/16"/>
    <property name="user.home" value="/Users/MatthewKay"/>
    <property name="user.timezone" value="America/New_York"/>
    <property name="java.awt.printerjob" value="sun.lwawt.macosx.CPrinterJob"/>
    <property name="java.specification.version" value="1.8"/>
    <property name="file.encoding" value="UTF-8"/>
    <property name="user.name" value="MatthewKay"/>
    <property name="java.class.path" value="/usr/local/Cellar/maven/3.3.9/libexec/boot/plexus-classworlds-2.5.2.jar"/>
    <property name="java.vm.specification.version" value="1.8"/>
    <property name="sun.arch.data.model" value="64"/>
    <property name="java.home" value="/Library/Java/JavaVirtualMachines/jdk1.8.0_121.jdk/Contents/Home/jre"/>
    <property name="sun.java.command" value="org.codehaus.plexus.classworlds.launcher.Launcher clean package"/>
    <property name="java.specification.vendor" value="Oracle Corporation"/>
    <property name="user.language" value="en"/>
    <property name="awt.toolkit" value="sun.lwawt.macosx.LWCToolkit"/>
    <property name="java.vm.info" value="mixed mode"/>
    <property name="java.version" value="1.8.0_121"/>
    <property name="java.ext.dirs" value="/Users/MatthewKay/Library/Java/Extensions:/Library/Java/JavaVirtualMachines/jdk1.8.0_121.jdk/Contents/Home/jre/lib/ext:/Library/Java/Extensions:/Network/Library/Java/Extensions:/System/Library/Java/Extensions:/usr/lib/java"/>
    <property name="sun.boot.class.path" value="/Library/Java/JavaVirtualMachines/jdk1.8.0_121.jdk/Contents/Home/jre/lib/resources.jar:/Library/Java/JavaVirtualMachines/jdk1.8.0_121.jdk/Contents/Home/jre/lib/rt.jar:/Library/Java/JavaVirtualMachines/jdk1.8.0_121.jdk/Contents/Home/jre/lib/sunrsasign.jar:/Library/Java/JavaVirtualMachines/jdk1.8.0_121.jdk/Contents/Home/jre/lib/jsse.jar:/Library/Java/JavaVirtualMachines/jdk1.8.0_121.jdk/Contents/Home/jre/lib/jce.jar:/Library/Java/JavaVirtualMachines/jdk1.8.0_121.jdk/Contents/Home/jre/lib/charsets.jar:/Library/Java/JavaVirtualMachines/jdk1.8.0_121.jdk/Contents/Home/jre/lib/jfr.jar:/Library/Java/JavaVirtualMachines/jdk1.8.0_121.jdk/Contents/Home/jre/classes"/>
    <property name="java.vendor" value="Oracle Corporation"/>
    <property name="maven.home" value="/usr/local/Cellar/maven/3.3.9/libexec"/>
    <property name="file.separator" value="/"/>
    <property name="java.vendor.url.bug" value="http://bugreport.sun.com/bugreport/"/>
    <property name="sun.cpu.endian" value="little"/>
    <property name="sun.io.unicode.encoding" value="UnicodeBig"/>
    <property name="socksNonProxyHosts" value="local|*.local|169.254/16|*.169.254/16"/>
    <property name="ftp.nonProxyHosts" value="local|*.local|169.254/16|*.169.254/16"/>
    <property name="sun.cpu.isalist" value=""/>
  </properties>
  <testcase name="getUsers_shouldFetchUsersWithAtLeastOneOfTheGivenRoleObjects" classname="org.openmrs.api.UserServiceTest" time="0.208"/>
  <testcase name="getUsers_shouldMatchSearchToFamilyName2" classname="org.openmrs.api.UserServiceTest" time="0.019"/>
  <testcase name="getUsers_shouldReturnUsersWhoseRolesInheritRequestedRoles" classname="org.openmrs.api.UserServiceTest" time="0.024"/>
  <testcase name="getUsers_shouldFetchUsersWithNameThatContainsGivenNameSearch" classname="org.openmrs.api.UserServiceTest" time="0.004"/>
  <testcase name="getPrivilege_shouldFetchPrivilegeForGivenName" classname="org.openmrs.api.UserServiceTest" time="0.018"/>
  <testcase name="setUserProperty_shouldThrowErrorWhenUserIsNotAuthorizedToEditUsers" classname="org.openmrs.api.UserServiceTest" time="0.005"/>
  <testcase name="changeHashedPassword_shouldChangeTheHashedPasswordForTheGivenUser" classname="org.openmrs.api.UserServiceTest" time="0.006"/>
  <testcase name="changePassword_shouldChangePasswordForTheGivenUserAndPassword" classname="org.openmrs.api.UserServiceTest" time="0.009"/>
  <testcase name="changePassword_shouldThrowAPIExceptionIfOldPasswordIsNotCorrect" classname="org.openmrs.api.UserServiceTest" time="0.02"/>
  <testcase name="getAllRoles_shouldReturnAllRolesInTheSystem" classname="org.openmrs.api.UserServiceTest" time="0.015"/>
  <testcase name="getUsersByPerson_shouldNotFetchRetiredAccountsWhenIncludeRetiredIsFalse" classname="org.openmrs.api.UserServiceTest" time="0.014"/>
  <testcase name="createUser_shouldNotAllowExistingUser" classname="org.openmrs.api.UserServiceTest" time="0.007"/>
  <testcase name="purgePrivilege_shouldDeleteGivenPrivilegeFromTheDatabase" classname="org.openmrs.api.UserServiceTest" time="0.951"/>
  <testcase name="changePassword_shouldBeAbleToUpdatePasswordMultipleTimes" classname="org.openmrs.api.UserServiceTest" time="0.008"/>
  <testcase name="getAllPrivileges_shouldReturnAllPrivilegesInTheSystem" classname="org.openmrs.api.UserServiceTest" time="0.026"/>
  <testcase name="setUserProperty_shouldReturnNullIfUserIsNull" classname="org.openmrs.api.UserServiceTest" time="0.004"/>
  <testcase name="changePassword_shouldMatchOnIncorrectlyHashedSha1StoredPassword" classname="org.openmrs.api.UserServiceTest" time="0.027"/>
  <testcase name="changeQuestionAnswer_shouldMatchOnIncorrectlyHashedStoredPassword" classname="org.openmrs.api.UserServiceTest" time="0.031"/>
  <testcase name="saveUserProperties_shouldRemoveAllExistingPropertiesAndAssignNewProperties" classname="org.openmrs.api.UserServiceTest" time="0.022"/>
  <testcase name="getRoleByUuid_shouldReturnNullIfNoObjectFoundWithGivenUuid" classname="org.openmrs.api.UserServiceTest" time="0.005"/>
  <testcase name="createUser_shouldNotAllowDuplicatedSystemId" classname="org.openmrs.api.UserServiceTest" time="0.012"/>
  <testcase name="shouldFetchNamesForPersonsThatWereFirstFetchedAsUsers" classname="org.openmrs.api.UserServiceTest" time="0.006"/>
  <testcase name="createUser_shouldNotAllowUsernameEqualsExistingSystemId" classname="org.openmrs.api.UserServiceTest" time="0.011"/>
  <testcase name="removeUserProperty_shouldReturnNullIfUserIsNull" classname="org.openmrs.api.UserServiceTest" time="0.003"/>
  <testcase name="changePassword_shouldThrowShortPasswordExceptionWithShortPassword" classname="org.openmrs.api.UserServiceTest" time="0.005"/>
  <testcase name="createUser_shouldNotAllowNullPassword" classname="org.openmrs.api.UserServiceTest" time="0.003"/>
  <testcase name="changePassword_shouldNotUpdatePasswordOfGivenUserWhenLoggedInUserDoesNotHaveEditUsersPasswordPrivilege" classname="org.openmrs.api.UserServiceTest" time="0.018"/>
  <testcase name="getAllUsers_shouldNotContainsAnyDuplicateUsers" classname="org.openmrs.api.UserServiceTest" time="0.026"/>
  <testcase name="getUsersByName_shouldNotFetchAnyVoidedUsersWhenIncludeVoidedIsFalse" classname="org.openmrs.api.UserServiceTest" time="0.007"/>
  <testcase name="purgeRole_shouldThrowErrorWhenRoleHasChildRoles" classname="org.openmrs.api.UserServiceTest" time="0.004"/>
  <testcase name="getUser_shouldFetchUserWithGivenUserId" classname="org.openmrs.api.UserServiceTest" time="0.004"/>
  <testcase name="getUserByUuid_shouldFindObjectGivenValidUuid" classname="org.openmrs.api.UserServiceTest" time="0.005"/>
  <testcase name="getUsersByName_shouldFetchUsersExactlyMatchingTheGivenGivenNameAndFamilyName" classname="org.openmrs.api.UserServiceTest" time="0.067"/>
  <testcase name="isSecretAnswer_shouldReturnFalseWhenGivenAnswerDoesNotMatchTheStoredSecretAnswer" classname="org.openmrs.api.UserServiceTest" time="0.142"/>
  <testcase name="changePasswordUsingSecretAnswer_shouldUpdatePasswordIfSecretIsCorrect" classname="org.openmrs.api.UserServiceTest" time="0.014"/>
  <testcase name="setUserProperty_shouldModifyPropertyWithGivenKeyAndValueWhenKeyAlreadyExists" classname="org.openmrs.api.UserServiceTest" time="0.018"/>
  <testcase name="purgeUser_shouldDeleteGivenUser" classname="org.openmrs.api.UserServiceTest" time="0.004"/>
  <testcase name="retireUser_shouldRetireUserAndSetAttributes" classname="org.openmrs.api.UserServiceTest" time="0.006"/>
  <testcase name="createUser_shouldNotAllowBlankPassword" classname="org.openmrs.api.UserServiceTest" time="0.003"/>
  <testcase name="getPrivilegeByUuid_shouldReturnNullIfNoObjectFoundWithGivenUuid" classname="org.openmrs.api.UserServiceTest" time="0.004"/>
  <testcase name="isSecretAnswer_shouldReturnTrueWhenGivenAnswerMatchesStoredSecretAnswer" classname="org.openmrs.api.UserServiceTest" time="0.014"/>
  <testcase name="purgeUser_shouldDeleteGivenUserWhenCascadeEqualsFalse" classname="org.openmrs.api.UserServiceTest" time="0.004"/>
  <testcase name="savePrivilege_shouldSaveGivenPrivilegeToTheDatabase" classname="org.openmrs.api.UserServiceTest" time="0.005"/>
  <testcase name="getUsers_shouldFetchUsersWithSystemIdThatContainsGivenNameSearch" classname="org.openmrs.api.UserServiceTest" time="0.007"/>
  <testcase name="removeUserProperty_shouldRemoveUserPropertyForGivenUserAndKey" classname="org.openmrs.api.UserServiceTest" time="0.02"/>
  <testcase name="changePassword_shouldMatchOnCorrectlyHashedSha1StoredPassword" classname="org.openmrs.api.UserServiceTest" time="0.023"/>
  <testcase name="getUsers_shouldNotFailIfRolesAreSearchedButNameIsEmpty" classname="org.openmrs.api.UserServiceTest" time="0.005"/>
  <testcase name="changePassword_shouldThrowExceptionIfNewPasswortIsTooShort" classname="org.openmrs.api.UserServiceTest" time="0.015"/>
  <testcase name="getUserByUuid_shouldReturnNullIfNoObjectFoundWithGivenUuid" classname="org.openmrs.api.UserServiceTest" time="0.003"/>
  <testcase name="setUserProperty_shouldAddPropertyWithGivenKeyAndValueWhenKeyDoesNotAlreadyExist" classname="org.openmrs.api.UserServiceTest" time="0.018"/>
  <testcase name="getUsers_shouldNotFetchDuplicateUsers" classname="org.openmrs.api.UserServiceTest" time="0.027"/>
  <testcase name="purgeRole_shouldReturnIfRoleIsNull" classname="org.openmrs.api.UserServiceTest" time="0.003"/>
  <testcase name="getUsers_shouldFetchAllUsersIfNameSearchIsEmptyOrNull" classname="org.openmrs.api.UserServiceTest" time="0.01"/>
  <testcase name="createUser_shouldCreateNewUserWithBasicElements" classname="org.openmrs.api.UserServiceTest" time="0.011"/>
  <testcase name="unretireUser_shouldUnretireAndUnmarkAllAttributes" classname="org.openmrs.api.UserServiceTest" time="0.008"/>
  <testcase name="changePassword_shouldUpdatePasswordOfGivenUserWhenLoggedInUserHasEditUsersPasswordPrivilege" classname="org.openmrs.api.UserServiceTest" time="0.03"/>
  <testcase name="saveRole_shouldThrowErrorIfRoleInheritsFromItself" classname="org.openmrs.api.UserServiceTest" time="0.006"/>
  <testcase name="changePassword_shouldMatchOnSha512HashedPassword" classname="org.openmrs.api.UserServiceTest" time="0.018"/>
  <testcase name="getRole_shouldFetchRoleForGivenRoleName" classname="org.openmrs.api.UserServiceTest" time="0.012"/>
  <testcase name="getUsers_shouldNotFetchVoidedUsersIfIncludedVoidedIsFalse" classname="org.openmrs.api.UserServiceTest" time="0.003"/>
  <testcase name="createUser_shouldNotAllowSystemIdEqualsExistingUsername" classname="org.openmrs.api.UserServiceTest" time="0.005"/>
  <testcase name="saveUser_shouldUpdateUsersUsername" classname="org.openmrs.api.UserServiceTest" time="0.005"/>
  <testcase name="getUsersByRole_shouldFetchUsersAssignedGivenRole" classname="org.openmrs.api.UserServiceTest" time="0.019"/>
  <testcase name="saveRole_shouldSaveGivenRoleToTheDatabase" classname="org.openmrs.api.UserServiceTest" time="0.002"/>
  <testcase name="hasDuplicateUsername_shouldVerifyThatUsernameAndSystemIdIsUnique" classname="org.openmrs.api.UserServiceTest" time="0.014"/>
  <testcase name="purgeRole_shouldDeleteGivenRoleFromDatabase" classname="org.openmrs.api.UserServiceTest" time="0.014"/>
  <testcase name="saveUser_shouldGrantNewRolesInRolesListToUser" classname="org.openmrs.api.UserServiceTest" time="0.032"/>
  <testcase name="createUser_shouldNotAllowSystemIdEqualsUsernameWithLuhnCheckDigit" classname="org.openmrs.api.UserServiceTest" time="0.005"/>
  <testcase name="getUsers_shouldFetchVoidedUsersIfIncludedVoidedIsTrue" classname="org.openmrs.api.UserServiceTest" time="0.004"/>
  <testcase name="changePassword_shouldChangePasswordForGivenUserIfOldPasswordIsCorrectlyPassed" classname="org.openmrs.api.UserServiceTest" time="0.016"/>
  <testcase name="purgePrivilege_shouldThrowErrorWhenPrivilegeIsCorePrivilege" classname="org.openmrs.api.UserServiceTest" time="0.003"/>
  <testcase name="changePassword_shouldThrowAPIExceptionIfGivenUserDoesNotExist" classname="org.openmrs.api.UserServiceTest" time="0.003"/>
  <testcase name="saveUserProperty_shouldAddNewPropertyToExistingUserProperties" classname="org.openmrs.api.UserServiceTest" time="0.014"/>
  <testcase name="getUsersByName_shouldNotFetchAnyDuplicateUsers" classname="org.openmrs.api.UserServiceTest" time="0.072"/>
  <testcase name="getAllUsers_shouldFetchAllUsersInTheSystem" classname="org.openmrs.api.UserServiceTest" time="0.137"/>
  <testcase name="createUser_shouldShouldCreateUserWhoIsPatientAlready" classname="org.openmrs.api.UserServiceTest" time="0.074"/>
  <testcase name="getRoleByUuid_shouldFindObjectGivenValidUuid" classname="org.openmrs.api.UserServiceTest" time="0.131"/>
  <testcase name="changePassword_shouldThrowExceptionIfOldPasswordIsNullAndChangingUserHaveNotPrivileges" classname="org.openmrs.api.UserServiceTest" time="0.013"/>
  <testcase name="purgeUser_shouldThrowAPIExceptionIfCascadeIsTrue" classname="org.openmrs.api.UserServiceTest" time="0.004"/>
  <testcase name="getUsersByPerson_shouldFetchAllAccountsForAPersonWhenIncludeRetiredIsTrue" classname="org.openmrs.api.UserServiceTest" time="0.016"/>
  <testcase name="changeQuestionAnswer_shouldChangeTheSecretQuestionAndAnswerForGivenUser" classname="org.openmrs.api.UserServiceTest" time="0">
    <skipped/>
  </testcase>
  <testcase name="getUsersByName_shouldFetchVoidedUsersWhenincludeVoidedIsTrue" classname="org.openmrs.api.UserServiceTest" time="0.005"/>
  <testcase name="getUserByUsername_shouldGetUserByUsername" classname="org.openmrs.api.UserServiceTest" time="0.003"/>
  <testcase name="removeUserProperty_shouldThrowErrorWhenUserIsNotAuthorizedToEditUsers" classname="org.openmrs.api.UserServiceTest" time="0.016"/>
  <testcase name="changeQuestionAnswer_shouldMatchOnCorrectlyHashedStoredPassword" classname="org.openmrs.api.UserServiceTest" time="0.015"/>
  <testcase name="getPrivilegeByUuid_shouldFindObjectGivenValidUuid" classname="org.openmrs.api.UserServiceTest" time="0.014"/>
  <testcase name="changePasswordUsingSecretAnswer_shouldNotUpdatePasswordIfSecretIsNotCorrect" classname="org.openmrs.api.UserServiceTest" time="0.014"/>
  <testcase name="saveUser_shouldFailToCreateTheUserWithAWeakPassword" classname="org.openmrs.api.UserServiceTest" time="0.006"/>
  <testcase name="getUsersByRole_shouldNotFetchUserThatDoesNotBelongToGivenRole" classname="org.openmrs.api.UserServiceTest" time="0.013"/>
  <testcase name="getUserByUuid_shouldFetchUserWithGivenUuid" classname="org.openmrs.api.UserServiceTest" time="0.072"/>
  <testcase name="purgeRole_shouldThrowErrorWhenRoleIsACoreRole" classname="org.openmrs.api.UserServiceTest" time="0.134"/>
  <testcase name="createUser_shouldNotAllowForDuplicatedUsername" classname="org.openmrs.api.UserServiceTest" time="0.006"/>
  <testcase name="changePassword_shouldChangePasswordForGivenUserIfOldPasswordIsNullAndChangingUserHavePrivileges" classname="org.openmrs.api.UserServiceTest" time="0.02"/>
</testsuite>