<?xml version="1.0" encoding="UTF-8"?>
<testsuite name="org.openmrs.api.LocationServiceTest" time="1.187" tests="70" errors="0" skipped="0" failures="0">
  <properties>
    <property name="java.runtime.name" value="Java(TM) SE Runtime Environment"/>
    <property name="sun.boot.library.path" value="/Library/Java/JavaVirtualMachines/jdk1.8.0_121.jdk/Contents/Home/jre/lib"/>
    <property name="java.vm.version" value="25.121-b13"/>
    <property name="gopherProxySet" value="false"/>
    <property name="java.vm.vendor" value="Oracle Corporation"/>
    <property name="maven.multiModuleProjectDirectory" value="/Users/MatthewKay/Documents/SeniorYear1stSemester/362/Project/openmrs-core"/>
    <property name="java.vendor.url" value="http://java.oracle.com/"/>
    <property name="path.separator" value=":"/>
    <property name="guice.disable.misplaced.annotation.check" value="true"/>
    <property name="java.vm.name" value="Java HotSpot(TM) 64-Bit Server VM"/>
    <property name="file.encoding.pkg" value="sun.io"/>
    <property name="user.country" value="US"/>
    <property name="sun.java.launcher" value="SUN_STANDARD"/>
    <property name="sun.os.patch.level" value="unknown"/>
    <property name="java.vm.specification.name" value="Java Virtual Machine Specification"/>
    <property name="user.dir" value="/Users/MatthewKay/Documents/SeniorYear1stSemester/362/Project/openmrs-core"/>
    <property name="java.runtime.version" value="1.8.0_121-b13"/>
    <property name="java.awt.graphicsenv" value="sun.awt.CGraphicsEnvironment"/>
    <property name="java.endorsed.dirs" value="/Library/Java/JavaVirtualMachines/jdk1.8.0_121.jdk/Contents/Home/jre/lib/endorsed"/>
    <property name="os.arch" value="x86_64"/>
    <property name="java.io.tmpdir" value="/var/folders/t3/yjzk6jg55p74mpd9yqjw1hsm0000gn/T/"/>
    <property name="line.separator" value="&#10;"/>
    <property name="java.vm.specification.vendor" value="Oracle Corporation"/>
    <property name="os.name" value="Mac OS X"/>
    <property name="classworlds.conf" value="/usr/local/Cellar/maven/3.3.9/libexec/bin/m2.conf"/>
    <property name="sun.jnu.encoding" value="UTF-8"/>
    <property name="java.library.path" value="/Users/MatthewKay/Library/Java/Extensions:/Library/Java/Extensions:/Network/Library/Java/Extensions:/System/Library/Java/Extensions:/usr/lib/java:."/>
    <property name="java.specification.name" value="Java Platform API Specification"/>
    <property name="java.class.version" value="52.0"/>
    <property name="sun.management.compiler" value="HotSpot 64-Bit Tiered Compilers"/>
    <property name="os.version" value="10.12.6"/>
    <property name="http.nonProxyHosts" value="local|*.local|169.254/16|*.169.254/16"/>
    <property name="user.home" value="/Users/MatthewKay"/>
    <property name="user.timezone" value="America/New_York"/>
    <property name="java.awt.printerjob" value="sun.lwawt.macosx.CPrinterJob"/>
    <property name="java.specification.version" value="1.8"/>
    <property name="file.encoding" value="UTF-8"/>
    <property name="user.name" value="MatthewKay"/>
    <property name="java.class.path" value="/usr/local/Cellar/maven/3.3.9/libexec/boot/plexus-classworlds-2.5.2.jar"/>
    <property name="java.vm.specification.version" value="1.8"/>
    <property name="sun.arch.data.model" value="64"/>
    <property name="java.home" value="/Library/Java/JavaVirtualMachines/jdk1.8.0_121.jdk/Contents/Home/jre"/>
    <property name="sun.java.command" value="org.codehaus.plexus.classworlds.launcher.Launcher clean package"/>
    <property name="java.specification.vendor" value="Oracle Corporation"/>
    <property name="user.language" value="en"/>
    <property name="awt.toolkit" value="sun.lwawt.macosx.LWCToolkit"/>
    <property name="java.vm.info" value="mixed mode"/>
    <property name="java.version" value="1.8.0_121"/>
    <property name="java.ext.dirs" value="/Users/MatthewKay/Library/Java/Extensions:/Library/Java/JavaVirtualMachines/jdk1.8.0_121.jdk/Contents/Home/jre/lib/ext:/Library/Java/Extensions:/Network/Library/Java/Extensions:/System/Library/Java/Extensions:/usr/lib/java"/>
    <property name="sun.boot.class.path" value="/Library/Java/JavaVirtualMachines/jdk1.8.0_121.jdk/Contents/Home/jre/lib/resources.jar:/Library/Java/JavaVirtualMachines/jdk1.8.0_121.jdk/Contents/Home/jre/lib/rt.jar:/Library/Java/JavaVirtualMachines/jdk1.8.0_121.jdk/Contents/Home/jre/lib/sunrsasign.jar:/Library/Java/JavaVirtualMachines/jdk1.8.0_121.jdk/Contents/Home/jre/lib/jsse.jar:/Library/Java/JavaVirtualMachines/jdk1.8.0_121.jdk/Contents/Home/jre/lib/jce.jar:/Library/Java/JavaVirtualMachines/jdk1.8.0_121.jdk/Contents/Home/jre/lib/charsets.jar:/Library/Java/JavaVirtualMachines/jdk1.8.0_121.jdk/Contents/Home/jre/lib/jfr.jar:/Library/Java/JavaVirtualMachines/jdk1.8.0_121.jdk/Contents/Home/jre/classes"/>
    <property name="java.vendor" value="Oracle Corporation"/>
    <property name="maven.home" value="/usr/local/Cellar/maven/3.3.9/libexec"/>
    <property name="file.separator" value="/"/>
    <property name="java.vendor.url.bug" value="http://bugreport.sun.com/bugreport/"/>
    <property name="sun.cpu.endian" value="little"/>
    <property name="sun.io.unicode.encoding" value="UnicodeBig"/>
    <property name="socksNonProxyHosts" value="local|*.local|169.254/16|*.169.254/16"/>
    <property name="ftp.nonProxyHosts" value="local|*.local|169.254/16|*.169.254/16"/>
    <property name="sun.cpu.isalist" value=""/>
  </properties>
  <testcase name="getLocationTagByUuid_shouldReturnNullIfNoObjectFoundWithGivenUuid" classname="org.openmrs.api.LocationServiceTest" time="0.192"/>
  <testcase name="getLocationAttributeByUuid_shouldGetTheLocationAttributeWithTheGivenUuid" classname="org.openmrs.api.LocationServiceTest" time="0.016"/>
  <testcase name="getLocationsByTag_shouldReturnEmptyListWhenNoLocationsHasTheGivenTag" classname="org.openmrs.api.LocationServiceTest" time="0.011"/>
  <testcase name="getLocationsByTag_shouldGetLocationsByTag" classname="org.openmrs.api.LocationServiceTest" time="0.012"/>
  <testcase name="purgeLocationAttributeType_shouldCompletelyRemoveALocationAttributeType" classname="org.openmrs.api.LocationServiceTest" time="0.033"/>
  <testcase name="getLocation_shouldReturnNullWhenNoLocationMatchGivenLocationName" classname="org.openmrs.api.LocationServiceTest" time="0.015"/>
  <testcase name="saveLocation_shouldSetAuditInfoIfAnyItemInTheLocationIsEdited" classname="org.openmrs.api.LocationServiceTest" time="0.027"/>
  <testcase name="getAllLocationTags_shouldReturnAllLocationTagsIfIncludeRetiredIsTrue" classname="org.openmrs.api.LocationServiceTest" time="0.063"/>
  <testcase name="retireLocationTag_shouldRetireLocationTagWithGivenReason" classname="org.openmrs.api.LocationServiceTest" time="0.013"/>
  <testcase name="getAllLocations_shouldReturnOnlyUnretiredLocationsWhenIncludeRetiresIsFalse" classname="org.openmrs.api.LocationServiceTest" time="0.013"/>
  <testcase name="saveLocationTag_shouldThrowAPIExceptionIfTagHasNoName" classname="org.openmrs.api.LocationServiceTest" time="0.015"/>
  <testcase name="saveLocationAttributeType_shouldEditAnExistingLocationAttributeType" classname="org.openmrs.api.LocationServiceTest" time="0.021"/>
  <testcase name="getLocationsHavingAllTags_shouldReturnAllUnretiredLocationsGivenAnEmptyTagList" classname="org.openmrs.api.LocationServiceTest" time="0.012"/>
  <testcase name="purgeLocationTag_shouldDeleteLocationTag" classname="org.openmrs.api.LocationServiceTest" time="0.011"/>
  <testcase name="saveLocationTag_shouldUpdateLocationTagSuccessfully" classname="org.openmrs.api.LocationServiceTest" time="0.014"/>
  <testcase name="saveLocation_shouldReturnSavedObject" classname="org.openmrs.api.LocationServiceTest" time="0.026"/>
  <testcase name="saveLocation_shouldOverwriteTransientTagIfTagWithSameNameExists" classname="org.openmrs.api.LocationServiceTest" time="0.024"/>
  <testcase name="saveLocation_shouldCreateLocationSuccessfully" classname="org.openmrs.api.LocationServiceTest" time="0.014"/>
  <testcase name="saveLocationAttributeType_shouldCreateANewLocationAttributeType" classname="org.openmrs.api.LocationServiceTest" time="0.017"/>
  <testcase name="retireLocation_shouldRetireLocationSuccessfully" classname="org.openmrs.api.LocationServiceTest" time="0.021"/>
  <testcase name="getLocationByUuid_shouldReturnNullIfNoObjectFoundWithGivenUuid" classname="org.openmrs.api.LocationServiceTest" time="0.014"/>
  <testcase name="getLocationTagByUuid_shouldFindObjectGivenValidUuid" classname="org.openmrs.api.LocationServiceTest" time="0.008"/>
  <testcase name="getLocationAttributeTypeByName_shouldReturnNullIfNoLocationAttributeTypeExistsWithTheSpecifiedName" classname="org.openmrs.api.LocationServiceTest" time="0.014"/>
  <testcase name="saveLocation_shouldCascadeSaveToChildLocationFromLocation" classname="org.openmrs.api.LocationServiceTest" time="0.016"/>
  <testcase name="saveLocationTag_shouldSetAuditInfoIfAnyItemInTheLocationTagIsEdited" classname="org.openmrs.api.LocationServiceTest" time="0.012"/>
  <testcase name="unretireLocationAttributeType_shouldUnretireARetiredLocationAttributeType" classname="org.openmrs.api.LocationServiceTest" time="0.026"/>
  <testcase name="getAllLocations_shouldPushRetiredLocationsToTheEndOfTheListWhenIncludeRetiredIsTrue" classname="org.openmrs.api.LocationServiceTest" time="0.023"/>
  <testcase name="getLocationAttributeType_shouldReturnTheLocationAttributeTypeWithTheGivenId" classname="org.openmrs.api.LocationServiceTest" time="0.015"/>
  <testcase name="saveLocation_shouldUpdateLocationSuccessfully" classname="org.openmrs.api.LocationServiceTest" time="0.024"/>
  <testcase name="getRootLocations_shouldReturnRootLocationsIncludingRetired" classname="org.openmrs.api.LocationServiceTest" time="0.015"/>
  <testcase name="saveLocationTag_shouldCreateLocationTagSuccessfully" classname="org.openmrs.api.LocationServiceTest" time="0.009"/>
  <testcase name="getAllLocationTags_shouldReturnAllLocationTagsIncludingRetired" classname="org.openmrs.api.LocationServiceTest" time="0.009"/>
  <testcase name="getLocationAttributeByUuid_shouldReturnNullIfNoLocationAttributeHasTheGivenUuid" classname="org.openmrs.api.LocationServiceTest" time="0.011"/>
  <testcase name="saveLocation_shouldAddLocationTagToLocation" classname="org.openmrs.api.LocationServiceTest" time="0.024"/>
  <testcase name="getAllLocationTags_shouldReturnOnlyUnretiredLocationTagsIfIncludeRetiredIsFalse" classname="org.openmrs.api.LocationServiceTest" time="0.012"/>
  <testcase name="getLocations_shouldGetLocationsHavingAllMatchingAttributeValues" classname="org.openmrs.api.LocationServiceTest" time="0.024"/>
  <testcase name="purgeLocation_shouldDeleteLocationSuccessfully" classname="org.openmrs.api.LocationServiceTest" time="0.008"/>
  <testcase name="getLocationTagByName_shouldGetLocationTagByName" classname="org.openmrs.api.LocationServiceTest" time="0.008"/>
  <testcase name="unretireLocationTag_shouldUnretireRetiredLocationTag" classname="org.openmrs.api.LocationServiceTest" time="0.008"/>
  <testcase name="retireLocation_shouldNotRetireIndependentField" classname="org.openmrs.api.LocationServiceTest" time="0.008"/>
  <testcase name="saveLocation_shouldRemoveChildLocationFromLocation" classname="org.openmrs.api.LocationServiceTest" time="0.012"/>
  <testcase name="getLocation_shouldReturnNullWhenNoLocationMatchGivenLocationId" classname="org.openmrs.api.LocationServiceTest" time="0.007"/>
  <testcase name="getLocationByUuid_shouldFindObjectGivenValidUuid" classname="org.openmrs.api.LocationServiceTest" time="0.007"/>
  <testcase name="getLocationsHavingAnyTag_shouldGetLocationsHavingAnyTag" classname="org.openmrs.api.LocationServiceTest" time="0.009"/>
  <testcase name="getAllLocationAttributeTypes_shouldReturnAllLocationAttributeTypesIncludingRetiredOnes" classname="org.openmrs.api.LocationServiceTest" time="0.01"/>
  <testcase name="getLocationsHavingAnyTag_shouldReturnEmptyListWhenGivenAnEmptyTagList" classname="org.openmrs.api.LocationServiceTest" time="0.007"/>
  <testcase name="getRootLocations_shouldReturnOnlyUnretiredRootLocations" classname="org.openmrs.api.LocationServiceTest" time="0.008"/>
  <testcase name="unretireLocation_shouldUnretireRetiredLocation" classname="org.openmrs.api.LocationServiceTest" time="0.009"/>
  <testcase name="getAllLocations_shouldReturnAllLocationsWhenIncludeRetiredIsTrue" classname="org.openmrs.api.LocationServiceTest" time="0.01"/>
  <testcase name="getLocationsHavingAllTags_shouldGetLocationsHavingAllTags" classname="org.openmrs.api.LocationServiceTest" time="0.01"/>
  <testcase name="getLocationAttributeTypeByName_shouldReturnTheLocationAttributeTypeWithTheSpecifiedName" classname="org.openmrs.api.LocationServiceTest" time="0.018"/>
  <testcase name="getLocationTagByName_shouldReturnNullWhenNoLocationTagMatchGivenName" classname="org.openmrs.api.LocationServiceTest" time="0.012"/>
  <testcase name="getLocationAttributeTypeByUuid_shouldReturnNullIfNoLocationAttributeTypeExistsWithTheGivenUuid" classname="org.openmrs.api.LocationServiceTest" time="0.017"/>
  <testcase name="getDefaultLocation_shouldReturnUnknownLocationIfTheGlobalPropertyIsSomethingElseThatDoesnotExist" classname="org.openmrs.api.LocationServiceTest" time="0.014"/>
  <testcase name="getAllLocations_shouldReturnAllLocationsIncludingRetired" classname="org.openmrs.api.LocationServiceTest" time="0.01"/>
  <testcase name="retireLocationTag_shouldRetireLocationTagSuccessfully" classname="org.openmrs.api.LocationServiceTest" time="0.012"/>
  <testcase name="saveLocationTag_shouldReturnSavedObject" classname="org.openmrs.api.LocationServiceTest" time="0.011"/>
  <testcase name="getLocations_shouldReturnEmptyListWhenNoLocationMatchTheNameFragment" classname="org.openmrs.api.LocationServiceTest" time="0.013"/>
  <testcase name="getLocationAttributeTypeByUuid_shouldReturnTheLocationAttributeTypeWithTheGivenUuid" classname="org.openmrs.api.LocationServiceTest" time="0.016"/>
  <testcase name="saveLocation_shouldThrowAPIExceptionIfTransientTagIsNotFound" classname="org.openmrs.api.LocationServiceTest" time="0.015"/>
  <testcase name="getLocationTags_shouldReturnEmptyListWhenNoLocationTagMatchGivenSearchString" classname="org.openmrs.api.LocationServiceTest" time="0.013"/>
  <testcase name="getLocations_shouldNotFindAnyLocationsIfNoneHaveGivenAttributeValues" classname="org.openmrs.api.LocationServiceTest" time="0.011"/>
  <testcase name="saveLocation_shouldThrowAPIExceptionIfLocationHasNoName" classname="org.openmrs.api.LocationServiceTest" time="0.008"/>
  <testcase name="saveLocationTag_shouldThrowExceptionIfTagNameIsNull" classname="org.openmrs.api.LocationServiceTest" time="0.008"/>
  <testcase name="getLocationAttributeType_shouldReturnNullIfNoLocationAttributeTypeExistsWithTheGivenId" classname="org.openmrs.api.LocationServiceTest" time="0.01"/>
  <testcase name="retireLocationAttributeType_shouldRetireALocationAttributeType" classname="org.openmrs.api.LocationServiceTest" time="0.011"/>
  <testcase name="getLocationsHavingAnyTag_shouldReturnEmptyListWhenNoLocationHasTheGivenTags" classname="org.openmrs.api.LocationServiceTest" time="0.009"/>
  <testcase name="saveLocation_shouldRemoveLocationTagFromLocation" classname="org.openmrs.api.LocationServiceTest" time="0.015"/>
  <testcase name="getLocationTag_shouldReturnNullWhenNoLocationTagMatchGivenId" classname="org.openmrs.api.LocationServiceTest" time="0.009"/>
  <testcase name="getDefaultLocation_shouldReturnDefaultLocationForTheImplementation" classname="org.openmrs.api.LocationServiceTest" time="0.008"/>
</testsuite>