<?xml version="1.0" encoding="UTF-8"?>
<testsuite name="org.openmrs.EncounterTest" time="0.9" tests="57" errors="0" skipped="0" failures="0">
  <properties>
    <property name="java.runtime.name" value="Java(TM) SE Runtime Environment"/>
    <property name="sun.boot.library.path" value="/Library/Java/JavaVirtualMachines/jdk1.8.0_121.jdk/Contents/Home/jre/lib"/>
    <property name="java.vm.version" value="25.121-b13"/>
    <property name="gopherProxySet" value="false"/>
    <property name="java.vm.vendor" value="Oracle Corporation"/>
    <property name="maven.multiModuleProjectDirectory" value="/Users/MatthewKay/Documents/SeniorYear1stSemester/362/Project/openmrs-core"/>
    <property name="java.vendor.url" value="http://java.oracle.com/"/>
    <property name="path.separator" value=":"/>
    <property name="guice.disable.misplaced.annotation.check" value="true"/>
    <property name="java.vm.name" value="Java HotSpot(TM) 64-Bit Server VM"/>
    <property name="file.encoding.pkg" value="sun.io"/>
    <property name="user.country" value="US"/>
    <property name="sun.java.launcher" value="SUN_STANDARD"/>
    <property name="sun.os.patch.level" value="unknown"/>
    <property name="java.vm.specification.name" value="Java Virtual Machine Specification"/>
    <property name="user.dir" value="/Users/MatthewKay/Documents/SeniorYear1stSemester/362/Project/openmrs-core"/>
    <property name="java.runtime.version" value="1.8.0_121-b13"/>
    <property name="java.awt.graphicsenv" value="sun.awt.CGraphicsEnvironment"/>
    <property name="java.endorsed.dirs" value="/Library/Java/JavaVirtualMachines/jdk1.8.0_121.jdk/Contents/Home/jre/lib/endorsed"/>
    <property name="os.arch" value="x86_64"/>
    <property name="java.io.tmpdir" value="/var/folders/t3/yjzk6jg55p74mpd9yqjw1hsm0000gn/T/"/>
    <property name="line.separator" value="&#10;"/>
    <property name="java.vm.specification.vendor" value="Oracle Corporation"/>
    <property name="os.name" value="Mac OS X"/>
    <property name="classworlds.conf" value="/usr/local/Cellar/maven/3.3.9/libexec/bin/m2.conf"/>
    <property name="sun.jnu.encoding" value="UTF-8"/>
    <property name="java.library.path" value="/Users/MatthewKay/Library/Java/Extensions:/Library/Java/Extensions:/Network/Library/Java/Extensions:/System/Library/Java/Extensions:/usr/lib/java:."/>
    <property name="java.specification.name" value="Java Platform API Specification"/>
    <property name="java.class.version" value="52.0"/>
    <property name="sun.management.compiler" value="HotSpot 64-Bit Tiered Compilers"/>
    <property name="os.version" value="10.12.6"/>
    <property name="http.nonProxyHosts" value="local|*.local|169.254/16|*.169.254/16"/>
    <property name="user.home" value="/Users/MatthewKay"/>
    <property name="user.timezone" value="America/New_York"/>
    <property name="java.awt.printerjob" value="sun.lwawt.macosx.CPrinterJob"/>
    <property name="java.specification.version" value="1.8"/>
    <property name="file.encoding" value="UTF-8"/>
    <property name="user.name" value="MatthewKay"/>
    <property name="java.class.path" value="/usr/local/Cellar/maven/3.3.9/libexec/boot/plexus-classworlds-2.5.2.jar"/>
    <property name="java.vm.specification.version" value="1.8"/>
    <property name="sun.arch.data.model" value="64"/>
    <property name="java.home" value="/Library/Java/JavaVirtualMachines/jdk1.8.0_121.jdk/Contents/Home/jre"/>
    <property name="sun.java.command" value="org.codehaus.plexus.classworlds.launcher.Launcher clean package"/>
    <property name="java.specification.vendor" value="Oracle Corporation"/>
    <property name="user.language" value="en"/>
    <property name="awt.toolkit" value="sun.lwawt.macosx.LWCToolkit"/>
    <property name="java.vm.info" value="mixed mode"/>
    <property name="java.version" value="1.8.0_121"/>
    <property name="java.ext.dirs" value="/Users/MatthewKay/Library/Java/Extensions:/Library/Java/JavaVirtualMachines/jdk1.8.0_121.jdk/Contents/Home/jre/lib/ext:/Library/Java/Extensions:/Network/Library/Java/Extensions:/System/Library/Java/Extensions:/usr/lib/java"/>
    <property name="sun.boot.class.path" value="/Library/Java/JavaVirtualMachines/jdk1.8.0_121.jdk/Contents/Home/jre/lib/resources.jar:/Library/Java/JavaVirtualMachines/jdk1.8.0_121.jdk/Contents/Home/jre/lib/rt.jar:/Library/Java/JavaVirtualMachines/jdk1.8.0_121.jdk/Contents/Home/jre/lib/sunrsasign.jar:/Library/Java/JavaVirtualMachines/jdk1.8.0_121.jdk/Contents/Home/jre/lib/jsse.jar:/Library/Java/JavaVirtualMachines/jdk1.8.0_121.jdk/Contents/Home/jre/lib/jce.jar:/Library/Java/JavaVirtualMachines/jdk1.8.0_121.jdk/Contents/Home/jre/lib/charsets.jar:/Library/Java/JavaVirtualMachines/jdk1.8.0_121.jdk/Contents/Home/jre/lib/jfr.jar:/Library/Java/JavaVirtualMachines/jdk1.8.0_121.jdk/Contents/Home/jre/classes"/>
    <property name="java.vendor" value="Oracle Corporation"/>
    <property name="maven.home" value="/usr/local/Cellar/maven/3.3.9/libexec"/>
    <property name="file.separator" value="/"/>
    <property name="java.vendor.url.bug" value="http://bugreport.sun.com/bugreport/"/>
    <property name="sun.cpu.endian" value="little"/>
    <property name="sun.io.unicode.encoding" value="UnicodeBig"/>
    <property name="socksNonProxyHosts" value="local|*.local|169.254/16|*.169.254/16"/>
    <property name="ftp.nonProxyHosts" value="local|*.local|169.254/16|*.169.254/16"/>
    <property name="sun.cpu.isalist" value=""/>
  </properties>
  <testcase name="getProvidersByRole_shouldReturnProvidersForRole" classname="org.openmrs.EncounterTest" time="0.215"/>
  <testcase name="getObs_shouldGetObsWithTwoLevelsOfHierarchy" classname="org.openmrs.EncounterTest" time="0.012"/>
  <testcase name="removeOrder_shouldNotFailWhenRemovingNullOrder" classname="org.openmrs.EncounterTest" time="0.012"/>
  <testcase name="addOrders_shouldAddOrderToEncounterWhenAddingOrderToSetReturnedFromGetOrders" classname="org.openmrs.EncounterTest" time="0.012"/>
  <testcase name="addOrder_shouldAddOrderWithNullValues" classname="org.openmrs.EncounterTest" time="0.012"/>
  <testcase name="removeProvider_shouldVoidExistingEncounterProvider" classname="org.openmrs.EncounterTest" time="0.034"/>
  <testcase name="getAllObs_shouldGetBothChildAndParentObsAfterRemovingChildFromParentGrouping" classname="org.openmrs.EncounterTest" time="0.021"/>
  <testcase name="removeObs_shouldNotThrowErrorWhenRemovingNullObsFromEmptySet" classname="org.openmrs.EncounterTest" time="0.013"/>
  <testcase name="setProvider_shouldSetProviderForNewRole" classname="org.openmrs.EncounterTest" time="0.013"/>
  <testcase name="getAllObs_shouldGetBothParentAndChildObs" classname="org.openmrs.EncounterTest" time="0.012"/>
  <testcase name="getAllObs_shouldNotReturnNullWithNullObsSet" classname="org.openmrs.EncounterTest" time="0.012"/>
  <testcase name="setProvider_shouldClearProvidersAndSetProviderForRole" classname="org.openmrs.EncounterTest" time="0.011"/>
  <testcase name="getAllObs_shouldGetBothParentAndChildWithChildDirectlyOnEncounter" classname="org.openmrs.EncounterTest" time="0.014"/>
  <testcase name="removeObs_shouldRemoveObsSuccessfully" classname="org.openmrs.EncounterTest" time="0.009"/>
  <testcase name="getObs_shouldGetBothChildAndParentObsAfterRemovingChildFromParentGrouping" classname="org.openmrs.EncounterTest" time="0.013"/>
  <testcase name="removeOrder_shouldRemoveOrderFromEncounter" classname="org.openmrs.EncounterTest" time="0.018"/>
  <testcase name="copy_shouldCopyAllEncounterDataExceptVisitAndAssignCopiedEncounterToGivenPatient" classname="org.openmrs.EncounterTest" time="0.015"/>
  <testcase name="Encounter_shouldSetEncounterId" classname="org.openmrs.EncounterTest" time="0.017"/>
  <testcase name="getProvidersByRole_shouldReturnEmptySetForNullRole" classname="org.openmrs.EncounterTest" time="0.012"/>
  <testcase name="getObs_shouldNotGetVoidedObsWithThreeLayersOfHierarchy" classname="org.openmrs.EncounterTest" time="0.014"/>
  <testcase name="getAllObs_shouldGetObs" classname="org.openmrs.EncounterTest" time="0.011"/>
  <testcase name="addProvider_shouldAddSecondProviderForRole" classname="org.openmrs.EncounterTest" time="0.013"/>
  <testcase name="getObsAtTopLevel_shouldOnlyGetParentsObs" classname="org.openmrs.EncounterTest" time="0.012"/>
  <testcase name="addObs_shouldAddObsWithNullValues" classname="org.openmrs.EncounterTest" time="0.02"/>
  <testcase name="getObsAtTopLevel_shouldOnlyReturnTheGroupedTopLevelObs" classname="org.openmrs.EncounterTest" time="0.011"/>
  <testcase name="getObs_shouldNotGetVoidedObs" classname="org.openmrs.EncounterTest" time="0.017"/>
  <testcase name="getObs_shouldGetObsWithThreeLevelsOfHierarchy" classname="org.openmrs.EncounterTest" time="0.018"/>
  <testcase name="getProvidersByRole_shouldReturnEmptySetForNoRole" classname="org.openmrs.EncounterTest" time="0.029"/>
  <testcase name="getProvidersByRoles_shouldReturnAllRolesAndProviders" classname="org.openmrs.EncounterTest" time="0.013"/>
  <testcase name="addObs_shouldAddObsToNonNullInitialObsSet" classname="org.openmrs.EncounterTest" time="0.013"/>
  <testcase name="addObs_shouldAddEncounterAttrsToObsIfAttributesAreNull" classname="org.openmrs.EncounterTest" time="0.011"/>
  <testcase name="getObs_shouldOnlyGetChildObs" classname="org.openmrs.EncounterTest" time="0.009"/>
  <testcase name="getAllObs_shouldNotGetVoidedObs" classname="org.openmrs.EncounterTest" time="0.009"/>
  <testcase name="setProvider_shouldVoidExistingEncounterProvider" classname="org.openmrs.EncounterTest" time="0.01"/>
  <testcase name="addOrder_shouldNotFailWithNullObsPassedToAddOrder" classname="org.openmrs.EncounterTest" time="0.011"/>
  <testcase name="getObs_shouldGetObsInTheSameOrderObsIsAddedToTheEncounter" classname="org.openmrs.EncounterTest" time="0.007"/>
  <testcase name="getAllObs_shouldGetObsInTheSameOrderObsIsAddedToTheEncounter" classname="org.openmrs.EncounterTest" time="0.009"/>
  <testcase name="toString_shouldNotFailWithEmptyObject" classname="org.openmrs.EncounterTest" time="0.012"/>
  <testcase name="getProvidersByRoles_shouldReturnEmptyMapIfNoProviders" classname="org.openmrs.EncounterTest" time="0.01"/>
  <testcase name="getObsAtTopLevel_shouldNotGetVoidedObs" classname="org.openmrs.EncounterTest" time="0.01"/>
  <testcase name="removeOrder_shouldNotFailWhenRemovingNonExistentOrder" classname="org.openmrs.EncounterTest" time="0.011"/>
  <testcase name="addProvider_shouldAddProviderForNewRole" classname="org.openmrs.EncounterTest" time="0.008"/>
  <testcase name="addObs_shouldAddEncounterAttrsToObsGroupMembersIfAttributesAreNull" classname="org.openmrs.EncounterTest" time="0.008"/>
  <testcase name="getObsAtTopLevel_shouldNotReturnNullWithNullObsSet" classname="org.openmrs.EncounterTest" time="0.007"/>
  <testcase name="getObs_shouldNotReturnNullWithNullObsSet" classname="org.openmrs.EncounterTest" time="0.007"/>
  <testcase name="removeObs_shouldNotThrowErrorWhenRemovingNullObsFromNonEmptySet" classname="org.openmrs.EncounterTest" time="0.009"/>
  <testcase name="addOrder_shouldSetEncounterAttribute" classname="org.openmrs.EncounterTest" time="0.01"/>
  <testcase name="multipleAddingAndRemovingOfSameProvider_shouldNotFail" classname="org.openmrs.EncounterTest" time="0.009"/>
  <testcase name="getObsAtTopLevel_shouldGetObs" classname="org.openmrs.EncounterTest" time="0.008"/>
  <testcase name="getObsAtTopLevel_shouldGetObsInTheSameOrderObsIsAddedToTheEncounter" classname="org.openmrs.EncounterTest" time="0.009"/>
  <testcase name="addObs_shouldNotFailWithNullObs" classname="org.openmrs.EncounterTest" time="0.01"/>
  <testcase name="addOrder_shouldAddOrderToNonNullInitialOrderSet" classname="org.openmrs.EncounterTest" time="0.009"/>
  <testcase name="getObs_shouldNotGetChildObsIfChildAlsoOnEncounter" classname="org.openmrs.EncounterTest" time="0.01"/>
  <testcase name="getObs_shouldGetObs" classname="org.openmrs.EncounterTest" time="0.012"/>
  <testcase name="addObs_shouldSetEncounterAttributeOnObs" classname="org.openmrs.EncounterTest" time="0.008"/>
  <testcase name="addProvider_shouldNotAddSameProviderTwiceForRole" classname="org.openmrs.EncounterTest" time="0.011"/>
  <testcase name="getObsAtTopLevel_shouldGetBothChildAndParentObsAfterRemovingChildFromParentGrouping" classname="org.openmrs.EncounterTest" time="0.008"/>
</testsuite>