<?xml version="1.0" encoding="UTF-8"?>
<testsuite name="org.openmrs.validator.PersonNameValidatorTest" time="0.383" tests="59" errors="0" skipped="8" failures="0">
  <properties>
    <property name="java.runtime.name" value="Java(TM) SE Runtime Environment"/>
    <property name="sun.boot.library.path" value="/Library/Java/JavaVirtualMachines/jdk1.8.0_121.jdk/Contents/Home/jre/lib"/>
    <property name="java.vm.version" value="25.121-b13"/>
    <property name="gopherProxySet" value="false"/>
    <property name="java.vm.vendor" value="Oracle Corporation"/>
    <property name="maven.multiModuleProjectDirectory" value="/Users/MatthewKay/Documents/SeniorYear1stSemester/362/Project/openmrs-core"/>
    <property name="java.vendor.url" value="http://java.oracle.com/"/>
    <property name="path.separator" value=":"/>
    <property name="guice.disable.misplaced.annotation.check" value="true"/>
    <property name="java.vm.name" value="Java HotSpot(TM) 64-Bit Server VM"/>
    <property name="file.encoding.pkg" value="sun.io"/>
    <property name="user.country" value="US"/>
    <property name="sun.java.launcher" value="SUN_STANDARD"/>
    <property name="sun.os.patch.level" value="unknown"/>
    <property name="java.vm.specification.name" value="Java Virtual Machine Specification"/>
    <property name="user.dir" value="/Users/MatthewKay/Documents/SeniorYear1stSemester/362/Project/openmrs-core"/>
    <property name="java.runtime.version" value="1.8.0_121-b13"/>
    <property name="java.awt.graphicsenv" value="sun.awt.CGraphicsEnvironment"/>
    <property name="java.endorsed.dirs" value="/Library/Java/JavaVirtualMachines/jdk1.8.0_121.jdk/Contents/Home/jre/lib/endorsed"/>
    <property name="os.arch" value="x86_64"/>
    <property name="java.io.tmpdir" value="/var/folders/t3/yjzk6jg55p74mpd9yqjw1hsm0000gn/T/"/>
    <property name="line.separator" value="&#10;"/>
    <property name="java.vm.specification.vendor" value="Oracle Corporation"/>
    <property name="os.name" value="Mac OS X"/>
    <property name="classworlds.conf" value="/usr/local/Cellar/maven/3.3.9/libexec/bin/m2.conf"/>
    <property name="sun.jnu.encoding" value="UTF-8"/>
    <property name="java.library.path" value="/Users/MatthewKay/Library/Java/Extensions:/Library/Java/Extensions:/Network/Library/Java/Extensions:/System/Library/Java/Extensions:/usr/lib/java:."/>
    <property name="java.specification.name" value="Java Platform API Specification"/>
    <property name="java.class.version" value="52.0"/>
    <property name="sun.management.compiler" value="HotSpot 64-Bit Tiered Compilers"/>
    <property name="os.version" value="10.12.6"/>
    <property name="http.nonProxyHosts" value="local|*.local|169.254/16|*.169.254/16"/>
    <property name="user.home" value="/Users/MatthewKay"/>
    <property name="user.timezone" value="America/New_York"/>
    <property name="java.awt.printerjob" value="sun.lwawt.macosx.CPrinterJob"/>
    <property name="java.specification.version" value="1.8"/>
    <property name="file.encoding" value="UTF-8"/>
    <property name="user.name" value="MatthewKay"/>
    <property name="java.class.path" value="/usr/local/Cellar/maven/3.3.9/libexec/boot/plexus-classworlds-2.5.2.jar"/>
    <property name="java.vm.specification.version" value="1.8"/>
    <property name="sun.arch.data.model" value="64"/>
    <property name="java.home" value="/Library/Java/JavaVirtualMachines/jdk1.8.0_121.jdk/Contents/Home/jre"/>
    <property name="sun.java.command" value="org.codehaus.plexus.classworlds.launcher.Launcher clean package"/>
    <property name="java.specification.vendor" value="Oracle Corporation"/>
    <property name="user.language" value="en"/>
    <property name="awt.toolkit" value="sun.lwawt.macosx.LWCToolkit"/>
    <property name="java.vm.info" value="mixed mode"/>
    <property name="java.version" value="1.8.0_121"/>
    <property name="java.ext.dirs" value="/Users/MatthewKay/Library/Java/Extensions:/Library/Java/JavaVirtualMachines/jdk1.8.0_121.jdk/Contents/Home/jre/lib/ext:/Library/Java/Extensions:/Network/Library/Java/Extensions:/System/Library/Java/Extensions:/usr/lib/java"/>
    <property name="sun.boot.class.path" value="/Library/Java/JavaVirtualMachines/jdk1.8.0_121.jdk/Contents/Home/jre/lib/resources.jar:/Library/Java/JavaVirtualMachines/jdk1.8.0_121.jdk/Contents/Home/jre/lib/rt.jar:/Library/Java/JavaVirtualMachines/jdk1.8.0_121.jdk/Contents/Home/jre/lib/sunrsasign.jar:/Library/Java/JavaVirtualMachines/jdk1.8.0_121.jdk/Contents/Home/jre/lib/jsse.jar:/Library/Java/JavaVirtualMachines/jdk1.8.0_121.jdk/Contents/Home/jre/lib/jce.jar:/Library/Java/JavaVirtualMachines/jdk1.8.0_121.jdk/Contents/Home/jre/lib/charsets.jar:/Library/Java/JavaVirtualMachines/jdk1.8.0_121.jdk/Contents/Home/jre/lib/jfr.jar:/Library/Java/JavaVirtualMachines/jdk1.8.0_121.jdk/Contents/Home/jre/classes"/>
    <property name="java.vendor" value="Oracle Corporation"/>
    <property name="maven.home" value="/usr/local/Cellar/maven/3.3.9/libexec"/>
    <property name="file.separator" value="/"/>
    <property name="java.vendor.url.bug" value="http://bugreport.sun.com/bugreport/"/>
    <property name="sun.cpu.endian" value="little"/>
    <property name="sun.io.unicode.encoding" value="UnicodeBig"/>
    <property name="socksNonProxyHosts" value="local|*.local|169.254/16|*.169.254/16"/>
    <property name="ftp.nonProxyHosts" value="local|*.local|169.254/16|*.169.254/16"/>
    <property name="sun.cpu.isalist" value=""/>
  </properties>
  <testcase name="validate_shouldFailValidationIfPersonNameFamilyName2HasLeadingSpaces" classname="org.openmrs.validator.PersonNameValidatorTest" time="0">
    <skipped message="Unignore after investigating and fixing - RA-543"/>
  </testcase>
  <testcase name="validate_shouldPassValidationIfPersonNameMiddleNameIsLessThanMaxFieldLength" classname="org.openmrs.validator.PersonNameValidatorTest" time="0.135"/>
  <testcase name="validate_shouldFailValidationIfPersonNameMiddleNameHasTrailingSpaces" classname="org.openmrs.validator.PersonNameValidatorTest" time="0">
    <skipped message="Unignore after investigating and fixing - RA-543"/>
  </testcase>
  <testcase name="validate_shouldReportErrorsOnCorrectFieldNames" classname="org.openmrs.validator.PersonNameValidatorTest" time="0.003"/>
  <testcase name="validatePersonName_shouldReportErrorsWithNonStandardPrefixWhenCalledInHistoricWay" classname="org.openmrs.validator.PersonNameValidatorTest" time="0.003"/>
  <testcase name="validate_shouldFailValidationIfPersonNameDegreeIsTooLong" classname="org.openmrs.validator.PersonNameValidatorTest" time="0.004"/>
  <testcase name="validate_shouldPassValidationIfPersonNameFamilyNamePrefixIsLessThanMaxFieldLength" classname="org.openmrs.validator.PersonNameValidatorTest" time="0.002"/>
  <testcase name="validate_shouldFailValidationIfPersonNameMiddleNameHasLeadingSpaces" classname="org.openmrs.validator.PersonNameValidatorTest" time="0">
    <skipped message="Unignore after investigating and fixing - RA-543"/>
  </testcase>
  <testcase name="validate_shouldFailValidationIfPersonNameGivenNameHasTrailingSpaces" classname="org.openmrs.validator.PersonNameValidatorTest" time="0">
    <skipped message="Unignore after investigating and fixing - RA-543"/>
  </testcase>
  <testcase name="validate_shouldSkipRegexValidationIfValidationStringIsEmpty" classname="org.openmrs.validator.PersonNameValidatorTest" time="0.004"/>
  <testcase name="validate_shouldFailValidationIfPersonNameGivenNameIsNull" classname="org.openmrs.validator.PersonNameValidatorTest" time="0.005"/>
  <testcase name="validate_shouldFailValidationIfPersonNameFamilyName2HasTrailingSpaces" classname="org.openmrs.validator.PersonNameValidatorTest" time="0">
    <skipped message="Unignore after investigating and fixing - RA-543"/>
  </testcase>
  <testcase name="validate_shouldPassValidationIfPersonNamePrefixIsExactlyMaxLength" classname="org.openmrs.validator.PersonNameValidatorTest" time="0.005"/>
  <testcase name="validate_shouldPassValidationIfPersonNameFamilyName2IsExactlyMaxLength" classname="org.openmrs.validator.PersonNameValidatorTest" time="0.004"/>
  <testcase name="validate_shouldFailValidationIfPersonNameFamilyNameHasLeadingSpaces" classname="org.openmrs.validator.PersonNameValidatorTest" time="0">
    <skipped message="Unignore after investigating and fixing - RA-543"/>
  </testcase>
  <testcase name="validate_shouldFailValidationIfPersonNameGivenNameIsInvalid" classname="org.openmrs.validator.PersonNameValidatorTest" time="0.005"/>
  <testcase name="validate_shouldPassValidationIfPersonNameMiddleNameIsExactlyMaxLength" classname="org.openmrs.validator.PersonNameValidatorTest" time="0.005"/>
  <testcase name="validate_shouldFailValidationIfPersonNameGivenNameHasLeadingSpaces" classname="org.openmrs.validator.PersonNameValidatorTest" time="0">
    <skipped message="Unignore after investigating and fixing - RA-543"/>
  </testcase>
  <testcase name="validate_shouldPassValidationIfPersonNameFamilyNameSuffixIsExactlyMaxLength" classname="org.openmrs.validator.PersonNameValidatorTest" time="0.004"/>
  <testcase name="validate_shouldFailValidationIfPersonNameMiddleNameIsInvalid" classname="org.openmrs.validator.PersonNameValidatorTest" time="0.005"/>
  <testcase name="validate_shouldPassValidationIfPersonNameFamilyNameIsExactlyMaxLength" classname="org.openmrs.validator.PersonNameValidatorTest" time="0.003"/>
  <testcase name="validate_shouldFailValidationIfFieldLengthsAreNotCorrect" classname="org.openmrs.validator.PersonNameValidatorTest" time="0.005"/>
  <testcase name="validate_shouldFailValidationIfPersonNameFamilyNameSuffixIsTooLong" classname="org.openmrs.validator.PersonNameValidatorTest" time="0.005"/>
  <testcase name="validate_shouldPassValidationIfPersonNameDegreeIsExactlyMaxLength" classname="org.openmrs.validator.PersonNameValidatorTest" time="0.004"/>
  <testcase name="validate_shouldFailValidationIfPersonNameFamilyNameIsInvalid" classname="org.openmrs.validator.PersonNameValidatorTest" time="0.004"/>
  <testcase name="validate_shouldFailValidationIfPersonNameGivenNameIsJustSpaces" classname="org.openmrs.validator.PersonNameValidatorTest" time="0.003"/>
  <testcase name="validate_shouldPassValidationIfPersonNameGivenNameIsLessThanMaxFieldLength" classname="org.openmrs.validator.PersonNameValidatorTest" time="0.005"/>
  <testcase name="validate_shouldPassValidationIfPersonNameFamilyName2IsLessThanMaxFieldLength" classname="org.openmrs.validator.PersonNameValidatorTest" time="0.005"/>
  <testcase name="validate_shouldPassValidationIfPersonNameFamilyName2IsValid" classname="org.openmrs.validator.PersonNameValidatorTest" time="0.005"/>
  <testcase name="validate_shouldFailValidationIfPersonNameFamilyNameHasTrailingSpaces" classname="org.openmrs.validator.PersonNameValidatorTest" time="0">
    <skipped message="Unignore after investigating and fixing - RA-543"/>
  </testcase>
  <testcase name="validate_shouldFailValidationIfPersonNameFamilyNameIsSpacesSurroundedByQuotationMarks" classname="org.openmrs.validator.PersonNameValidatorTest" time="0.005"/>
  <testcase name="validate_shouldPassValidationIfPersonNameDegreeIsLessThanMaxFieldLength" classname="org.openmrs.validator.PersonNameValidatorTest" time="0.004"/>
  <testcase name="validate_shouldPassValidationIfPersonNameFamilyNameSuffixIsLessThanMaxFieldLength" classname="org.openmrs.validator.PersonNameValidatorTest" time="0.004"/>
  <testcase name="validate_shouldPassValidationIfPersonNameGivenNameIsNotBlank" classname="org.openmrs.validator.PersonNameValidatorTest" time="0.007"/>
  <testcase name="validate_shouldFailValidationIfPersonNameGivenNameIsTooLong" classname="org.openmrs.validator.PersonNameValidatorTest" time="0.004"/>
  <testcase name="validate_shouldFailValidationIfPersonNameMiddleNameIsTooLong" classname="org.openmrs.validator.PersonNameValidatorTest" time="0.006"/>
  <testcase name="validate_shouldFailValidationIfPersonNameObjectIsNull" classname="org.openmrs.validator.PersonNameValidatorTest" time="0.013"/>
  <testcase name="validate_shouldFailValidationIfPersonNameFamilyName2IsInvalid" classname="org.openmrs.validator.PersonNameValidatorTest" time="0.004"/>
  <testcase name="validate_shouldPassValidationIfFieldLengthsAreCorrect" classname="org.openmrs.validator.PersonNameValidatorTest" time="0.017"/>
  <testcase name="validatePersonName_shouldNotValidateAgainstRegexForBlankNames" classname="org.openmrs.validator.PersonNameValidatorTest" time="0.009"/>
  <testcase name="validate_shouldPassValidationIfPersonNameFamilyNameIsNull" classname="org.openmrs.validator.PersonNameValidatorTest" time="0.008"/>
  <testcase name="validate_shouldPassValidationIfPersonNameFamilyNameIsJustSpaces" classname="org.openmrs.validator.PersonNameValidatorTest" time="0.005"/>
  <testcase name="validate_shouldFailValidationIfPersonNameGivenNameIsSpacesSurroundedByQuotationMarks" classname="org.openmrs.validator.PersonNameValidatorTest" time="0.005"/>
  <testcase name="validate_shouldFailValidationIfPersonNameFamilyNameIsTooLong" classname="org.openmrs.validator.PersonNameValidatorTest" time="0.003"/>
  <testcase name="validate_shouldPassValidationIfPersonNameFamilyNameIsEmpty" classname="org.openmrs.validator.PersonNameValidatorTest" time="0.003"/>
  <testcase name="validate_shouldPassValidationIfPersonNameFamilyNameIsValid" classname="org.openmrs.validator.PersonNameValidatorTest" time="0.008"/>
  <testcase name="validate_shouldFailValidationIfPersonNameGivenNameIsEmpty" classname="org.openmrs.validator.PersonNameValidatorTest" time="0.005"/>
  <testcase name="validate_shouldFailValidationIfPersonNameFamilyNamePrefixIsTooLong" classname="org.openmrs.validator.PersonNameValidatorTest" time="0.004"/>
  <testcase name="validate_shouldPassValidationIfPersonNameMiddleNameIsValid" classname="org.openmrs.validator.PersonNameValidatorTest" time="0.005"/>
  <testcase name="validate_shouldPassValidationIfPersonNameFamilyNameIsLessThanMaxFieldLength" classname="org.openmrs.validator.PersonNameValidatorTest" time="0.004"/>
  <testcase name="validate_shouldPassValidationIfNameIsInvalidButVoided" classname="org.openmrs.validator.PersonNameValidatorTest" time="0.004"/>
  <testcase name="validate_shouldPassValidationIfPersonNamePrefixIsLessThanMaxFieldLength" classname="org.openmrs.validator.PersonNameValidatorTest" time="0.003"/>
  <testcase name="validate_shouldPassValidationIfPersonNameFamilyNameIsNotBlank" classname="org.openmrs.validator.PersonNameValidatorTest" time="0.004"/>
  <testcase name="validate_shouldFailValidationIfPersonNameFamilyName2IsTooLong" classname="org.openmrs.validator.PersonNameValidatorTest" time="0.005"/>
  <testcase name="validate_shouldPassValidationIfPersonNameGivenNameIsExactlyMaxLength" classname="org.openmrs.validator.PersonNameValidatorTest" time="0.004"/>
  <testcase name="validate_shouldSkipRegexValidationIfValidationStringIsNull" classname="org.openmrs.validator.PersonNameValidatorTest" time="0.005"/>
  <testcase name="validate_shouldPassValidationIfPersonNameGivenNameIsValid" classname="org.openmrs.validator.PersonNameValidatorTest" time="0.004"/>
  <testcase name="validate_shouldFailValidationIfPersonNamePrefixIsTooLong" classname="org.openmrs.validator.PersonNameValidatorTest" time="0.004"/>
  <testcase name="validate_shouldPassValidationIfPersonNameFamilyNamePrefixIsExactlyMaxLength" classname="org.openmrs.validator.PersonNameValidatorTest" time="0.004"/>
</testsuite>