<?xml version="1.0" encoding="UTF-8"?>
<testsuite name="org.openmrs.api.EncounterServiceTest" time="5.375" tests="141" errors="0" skipped="2" failures="0">
  <properties>
    <property name="java.runtime.name" value="Java(TM) SE Runtime Environment"/>
    <property name="sun.boot.library.path" value="/Library/Java/JavaVirtualMachines/jdk1.8.0_121.jdk/Contents/Home/jre/lib"/>
    <property name="java.vm.version" value="25.121-b13"/>
    <property name="gopherProxySet" value="false"/>
    <property name="java.vm.vendor" value="Oracle Corporation"/>
    <property name="maven.multiModuleProjectDirectory" value="/Users/MatthewKay/Documents/SeniorYear1stSemester/362/Project/openmrs-core"/>
    <property name="java.vendor.url" value="http://java.oracle.com/"/>
    <property name="path.separator" value=":"/>
    <property name="guice.disable.misplaced.annotation.check" value="true"/>
    <property name="java.vm.name" value="Java HotSpot(TM) 64-Bit Server VM"/>
    <property name="file.encoding.pkg" value="sun.io"/>
    <property name="user.country" value="US"/>
    <property name="sun.java.launcher" value="SUN_STANDARD"/>
    <property name="sun.os.patch.level" value="unknown"/>
    <property name="java.vm.specification.name" value="Java Virtual Machine Specification"/>
    <property name="user.dir" value="/Users/MatthewKay/Documents/SeniorYear1stSemester/362/Project/openmrs-core"/>
    <property name="java.runtime.version" value="1.8.0_121-b13"/>
    <property name="java.awt.graphicsenv" value="sun.awt.CGraphicsEnvironment"/>
    <property name="java.endorsed.dirs" value="/Library/Java/JavaVirtualMachines/jdk1.8.0_121.jdk/Contents/Home/jre/lib/endorsed"/>
    <property name="os.arch" value="x86_64"/>
    <property name="java.io.tmpdir" value="/var/folders/t3/yjzk6jg55p74mpd9yqjw1hsm0000gn/T/"/>
    <property name="line.separator" value="&#10;"/>
    <property name="java.vm.specification.vendor" value="Oracle Corporation"/>
    <property name="os.name" value="Mac OS X"/>
    <property name="classworlds.conf" value="/usr/local/Cellar/maven/3.3.9/libexec/bin/m2.conf"/>
    <property name="sun.jnu.encoding" value="UTF-8"/>
    <property name="java.library.path" value="/Users/MatthewKay/Library/Java/Extensions:/Library/Java/Extensions:/Network/Library/Java/Extensions:/System/Library/Java/Extensions:/usr/lib/java:."/>
    <property name="java.specification.name" value="Java Platform API Specification"/>
    <property name="java.class.version" value="52.0"/>
    <property name="sun.management.compiler" value="HotSpot 64-Bit Tiered Compilers"/>
    <property name="os.version" value="10.12.6"/>
    <property name="http.nonProxyHosts" value="local|*.local|169.254/16|*.169.254/16"/>
    <property name="user.home" value="/Users/MatthewKay"/>
    <property name="user.timezone" value="America/New_York"/>
    <property name="java.awt.printerjob" value="sun.lwawt.macosx.CPrinterJob"/>
    <property name="java.specification.version" value="1.8"/>
    <property name="file.encoding" value="UTF-8"/>
    <property name="user.name" value="MatthewKay"/>
    <property name="java.class.path" value="/usr/local/Cellar/maven/3.3.9/libexec/boot/plexus-classworlds-2.5.2.jar"/>
    <property name="java.vm.specification.version" value="1.8"/>
    <property name="sun.arch.data.model" value="64"/>
    <property name="java.home" value="/Library/Java/JavaVirtualMachines/jdk1.8.0_121.jdk/Contents/Home/jre"/>
    <property name="sun.java.command" value="org.codehaus.plexus.classworlds.launcher.Launcher clean package"/>
    <property name="java.specification.vendor" value="Oracle Corporation"/>
    <property name="user.language" value="en"/>
    <property name="awt.toolkit" value="sun.lwawt.macosx.LWCToolkit"/>
    <property name="java.vm.info" value="mixed mode"/>
    <property name="java.version" value="1.8.0_121"/>
    <property name="java.ext.dirs" value="/Users/MatthewKay/Library/Java/Extensions:/Library/Java/JavaVirtualMachines/jdk1.8.0_121.jdk/Contents/Home/jre/lib/ext:/Library/Java/Extensions:/Network/Library/Java/Extensions:/System/Library/Java/Extensions:/usr/lib/java"/>
    <property name="sun.boot.class.path" value="/Library/Java/JavaVirtualMachines/jdk1.8.0_121.jdk/Contents/Home/jre/lib/resources.jar:/Library/Java/JavaVirtualMachines/jdk1.8.0_121.jdk/Contents/Home/jre/lib/rt.jar:/Library/Java/JavaVirtualMachines/jdk1.8.0_121.jdk/Contents/Home/jre/lib/sunrsasign.jar:/Library/Java/JavaVirtualMachines/jdk1.8.0_121.jdk/Contents/Home/jre/lib/jsse.jar:/Library/Java/JavaVirtualMachines/jdk1.8.0_121.jdk/Contents/Home/jre/lib/jce.jar:/Library/Java/JavaVirtualMachines/jdk1.8.0_121.jdk/Contents/Home/jre/lib/charsets.jar:/Library/Java/JavaVirtualMachines/jdk1.8.0_121.jdk/Contents/Home/jre/lib/jfr.jar:/Library/Java/JavaVirtualMachines/jdk1.8.0_121.jdk/Contents/Home/jre/classes"/>
    <property name="java.vendor" value="Oracle Corporation"/>
    <property name="maven.home" value="/usr/local/Cellar/maven/3.3.9/libexec"/>
    <property name="file.separator" value="/"/>
    <property name="java.vendor.url.bug" value="http://bugreport.sun.com/bugreport/"/>
    <property name="sun.cpu.endian" value="little"/>
    <property name="sun.io.unicode.encoding" value="UnicodeBig"/>
    <property name="socksNonProxyHosts" value="local|*.local|169.254/16|*.169.254/16"/>
    <property name="ftp.nonProxyHosts" value="local|*.local|169.254/16|*.169.254/16"/>
    <property name="sun.cpu.isalist" value=""/>
  </properties>
  <testcase name="getEncounters_shouldIncludeVoidedEncounters" classname="org.openmrs.api.EncounterServiceTest" time="0.234"/>
  <testcase name="findEncounterTypes_shouldNotPartialMatchNameOnInternalSubstrings" classname="org.openmrs.api.EncounterServiceTest" time="0.037"/>
  <testcase name="unretireEncounterRole_shouldUnretireTypeAndUnmarkAttributes" classname="org.openmrs.api.EncounterServiceTest" time="0.039"/>
  <testcase name="getCountOfEncounters_shouldGetTheCorrectCountOfUniqueEncounters" classname="org.openmrs.api.EncounterServiceTest" time="0.057"/>
  <testcase name="canViewEncounter_shouldFailfIfEncounterIsNull" classname="org.openmrs.api.EncounterServiceTest" time="0.039"/>
  <testcase name="getEncounters_shouldMatchOnTheProviderName" classname="org.openmrs.api.EncounterServiceTest" time="0.032"/>
  <testcase name="getEncountersByPatientId_shouldNotGetVoidedEncounters" classname="org.openmrs.api.EncounterServiceTest" time="0.037"/>
  <testcase name="saveEncounter_shouldCascadeSaveToContainedObs" classname="org.openmrs.api.EncounterServiceTest" time="0.075"/>
  <testcase name="saveEncounterType_shouldNotOverwriteCreator" classname="org.openmrs.api.EncounterServiceTest" time="0.054"/>
  <testcase name="getEncounters_shouldExcludeVoidedEncounters" classname="org.openmrs.api.EncounterServiceTest" time="0.047"/>
  <testcase name="saveEncounter_shouldSaveEncounterWithBasicDetails" classname="org.openmrs.api.EncounterServiceTest" time="0.048"/>
  <testcase name="getEncounters_shouldMatchOnTheLocationName" classname="org.openmrs.api.EncounterServiceTest" time="0.079"/>
  <testcase name="saveEncounter_shouldCascadeDeleteEncounterProviders" classname="org.openmrs.api.EncounterServiceTest" time="0.067"/>
  <testcase name="getEncounters_shouldMatchOnTheEncounterTypeName" classname="org.openmrs.api.EncounterServiceTest" time="0.036"/>
  <testcase name="saveEncounter_shouldSaveEncounterWithComplexObs" classname="org.openmrs.api.EncounterServiceTest" time="0.076"/>
  <testcase name="saveEncounterType_shouldSaveEncounterType" classname="org.openmrs.api.EncounterServiceTest" time="0.037"/>
  <testcase name="shouldSaveOrderGroupAlongWithOrders" classname="org.openmrs.api.EncounterServiceTest" time="0.093"/>
  <testcase name="saveEncounterType_shouldNotOverwriteCreatorOrDateCreated" classname="org.openmrs.api.EncounterServiceTest" time="0.049"/>
  <testcase name="getEncountersByPatientId_shouldThrowErrorIfGivenANullParameter" classname="org.openmrs.api.EncounterServiceTest" time="0.039"/>
  <testcase name="voidEncounter_shouldVoidEncounterAndSetAttributes" classname="org.openmrs.api.EncounterServiceTest" time="0.069"/>
  <testcase name="getEncountersByPatient_shouldGetAllUnvoidedEncountersForTheGivenPatientName" classname="org.openmrs.api.EncounterServiceTest" time="0.061"/>
  <testcase name="getEncountersNotAssignedToAnyVisit_shouldReturnTheUnvoidedEncountersNotAssignedToAnyVisit" classname="org.openmrs.api.EncounterServiceTest" time="0.057"/>
  <testcase name="purgeEncounter_shouldPurgeEncounter" classname="org.openmrs.api.EncounterServiceTest" time="0.041"/>
  <testcase name="getEncounterType_shouldReturnNullWithNullNameParameter" classname="org.openmrs.api.EncounterServiceTest" time="0.038"/>
  <testcase name="getEncounters_shouldFetchEncountersByPatientId" classname="org.openmrs.api.EncounterServiceTest" time="0.051"/>
  <testcase name="filterEncountersByViewPermissions_shouldFilterEncountersIfUserIsNotAllowedToSeeSomeEncounters" classname="org.openmrs.api.EncounterServiceTest" time="0.062"/>
  <testcase name="getEncountersByPatient_shouldNotGetVoidedEncounters" classname="org.openmrs.api.EncounterServiceTest" time="0.026"/>
  <testcase name="saveEncounter_shouldAssignEncounterToVisitIfTheAssignToExistingHandlerIsRegistered" classname="org.openmrs.api.EncounterServiceTest" time="0.029"/>
  <testcase name="getActiveEncounterVisitHandler_shouldThrowIfBeanWithGivenTypeAndNameNotFound" classname="org.openmrs.api.EncounterServiceTest" time="0.031"/>
  <testcase name="getEncounter_shouldThrowErrorIfGivenNullParameter" classname="org.openmrs.api.EncounterServiceTest" time="0.024"/>
  <testcase name="getVisitAssignmentHandlers_shouldReturnTheExistingOrNewVisitAssignmentHandler" classname="org.openmrs.api.EncounterServiceTest" time="0.033"/>
  <testcase name="saveEncounter_shouldNotCascadeLocationChangeForDifferentInitialLocations" classname="org.openmrs.api.EncounterServiceTest" time="0.039"/>
  <testcase name="getEncounterTypeByUuid_shouldReturnNullIfNoObjectFoundWithGivenUuid" classname="org.openmrs.api.EncounterServiceTest" time="0.022"/>
  <testcase name="saveEncounter_shouldOnlyCascadeTheObsdatetimesToObsWithDifferentInitialObsdatetimes" classname="org.openmrs.api.EncounterServiceTest" time="0.037"/>
  <testcase name="getEncounters_shouldMatchOnTheProviderPersonName" classname="org.openmrs.api.EncounterServiceTest" time="0.06"/>
  <testcase name="unvoidEncounter_shouldCascadeUnvoidToOrders" classname="org.openmrs.api.EncounterServiceTest" time="0.035"/>
  <testcase name="saveEncounter_shouldNotOverwriteCreatorIfNonNull" classname="org.openmrs.api.EncounterServiceTest" time="0.033"/>
  <testcase name="getEncounterRoleByUuid_shouldFindEncounterRoleBasedOnUuid" classname="org.openmrs.api.EncounterServiceTest" time="0.028"/>
  <testcase name="getEncounters_shouldMatchOnTheFormName" classname="org.openmrs.api.EncounterServiceTest" time="0.032"/>
  <testcase name="shouldSaveMultipleOrderGroupsIfDifferentOrdersHaveDifferentOrderGroups" classname="org.openmrs.api.EncounterServiceTest" time="0.079"/>
  <testcase name="getAllEncounters_shouldGetAllEncountersForACohortOfPatients" classname="org.openmrs.api.EncounterServiceTest" time="0.029"/>
  <testcase name="getEncounters_shouldGetEncountersModifiedAfterSpecifiedDate" classname="org.openmrs.api.EncounterServiceTest" time="0.025"/>
  <testcase name="saveEncounter_shouldCascadeSaveEncounterProviders" classname="org.openmrs.api.EncounterServiceTest" time="0.042"/>
  <testcase name="getEncounterTypeByUuid_shouldFindObjectGivenValidUuid" classname="org.openmrs.api.EncounterServiceTest" time="0.026"/>
  <testcase name="filterEncountersByViewPermissions_shouldNotFilterAllEncountersWhenTheEncounterTypesViewPrivilegeColumnIsNull" classname="org.openmrs.api.EncounterServiceTest" time="0.047"/>
  <testcase name="saveEncounter_shouldNotOverwriteObsAndOrdersCreatorOrDateCreated" classname="org.openmrs.api.EncounterServiceTest" time="0.047"/>
  <testcase name="voidEncounter_shouldThrowErrorWithNullReasonParameter" classname="org.openmrs.api.EncounterServiceTest" time="0.025"/>
  <testcase name="canViewEncounter_shouldReturnFalseIfUserCanNotViewEncounter" classname="org.openmrs.api.EncounterServiceTest" time="0.032"/>
  <testcase name="getEncountersByPatientIdentifier_shouldThrowErrorIfGivenNullParameter" classname="org.openmrs.api.EncounterServiceTest" time="0.038"/>
  <testcase name="retireEncounterType_shouldThrowErrorWhenTryingToRetireEncounterTypeWhenEncounterTypesAreLocked" classname="org.openmrs.api.EncounterServiceTest" time="0.036"/>
  <testcase name="saveEncounter_shouldUpdateExistingEncounterWhenNewObsIsAddedToParentObs" classname="org.openmrs.api.EncounterServiceTest" time="0.046"/>
  <testcase name="saveEncounter_shouldFailfIfUserIsNotSupposedToEditEncountersOfTypeOfGivenEncounter" classname="org.openmrs.api.EncounterServiceTest" time="0.036"/>
  <testcase name="voidEncounter_shouldCascadeToObs" classname="org.openmrs.api.EncounterServiceTest" time="0.029"/>
  <testcase name="getEncountersByPatient_shouldThrowErrorIfGivenNullParameter" classname="org.openmrs.api.EncounterServiceTest" time="0.022"/>
  <testcase name="unvoidEncounter_shouldCascadeUnvoidToObs" classname="org.openmrs.api.EncounterServiceTest" time="0.034"/>
  <testcase name="canEditEncounter_shouldReturnTrueIfUserCanEditEncounter" classname="org.openmrs.api.EncounterServiceTest" time="0.028"/>
  <testcase name="saveEncounter_shouldCascadeEncounterDatetimeToObs" classname="org.openmrs.api.EncounterServiceTest" time="0.03"/>
  <testcase name="saveEncounter_shouldCascadePatientToOrdersInTheEncounter" classname="org.openmrs.api.EncounterServiceTest" time="0.033"/>
  <testcase name="getEncountersByPatient_shouldIncludeVoidedEncountersInTheReturnedListIfIncludedVoidedIsTrue" classname="org.openmrs.api.EncounterServiceTest" time="0.04"/>
  <testcase name="saveEncounter_shouldUpdateValueOfLeafObsAndNotDuplicateAtEncounterLevel" classname="org.openmrs.api.EncounterServiceTest" time="0.036"/>
  <testcase name="saveEncounter_shouldSetDateStoppedOnTheOriginalAfterAddingReviseOrder" classname="org.openmrs.api.EncounterServiceTest" time="0.051"/>
  <testcase name="transferEncounter_shouldVoidGivenEncounterVisitIfGivenEncounterIsTheOnlyEncounter" classname="org.openmrs.api.EncounterServiceTest" time="0.043"/>
  <testcase name="getEncounterType_shouldNotGetRetiredTypes" classname="org.openmrs.api.EncounterServiceTest" time="0.025"/>
  <testcase name="getEncounterRolesByName_shouldFindEncounterRolesByName" classname="org.openmrs.api.EncounterServiceTest" time="0.023"/>
  <testcase name="getAllEncounterRoles_shouldGetAllEncounterRolesBasedOnIncludeRetiredFlag" classname="org.openmrs.api.EncounterServiceTest" time="0.026"/>
  <testcase name="saveEncounter_shouldNotCascadeToExistingOrder" classname="org.openmrs.api.EncounterServiceTest" time="0.042"/>
  <testcase name="purgeEncounterCascade_shouldFailfIfUserIsNotSupposedToEditEncountersOfTypeOfGivenEncounter" classname="org.openmrs.api.EncounterServiceTest" time="0.06"/>
  <testcase name="purgeEncounterType_shouldThrowErrorWhenTryingToDeleteEncounterTypeWhenEncounterTypesAreLocked" classname="org.openmrs.api.EncounterServiceTest" time="0.033"/>
  <testcase name="findEncounterTypes_shouldIncludeRetiredTypesInTheResults" classname="org.openmrs.api.EncounterServiceTest" time="0.039"/>
  <testcase name="canViewEncounter_shouldReturnTrueIfUserCanViewEncounter" classname="org.openmrs.api.EncounterServiceTest" time="0.052"/>
  <testcase name="getEncounterRoleByName_shouldFindEncounterRoleByName" classname="org.openmrs.api.EncounterServiceTest" time="0.042"/>
  <testcase name="retireEncounterType_shouldThrowErrorIfGivenNullReasonParameter" classname="org.openmrs.api.EncounterServiceTest" time="0.025"/>
  <testcase name="saveEncounter_shouldAssignEncounterToVisitIfTheAssignToExistingOrNewHandlerIsRegistered" classname="org.openmrs.api.EncounterServiceTest" time="0.033"/>
  <testcase name="unvoidEncounter_shouldUnvoidAndUnmarkAllAttributes" classname="org.openmrs.api.EncounterServiceTest" time="0.032"/>
  <testcase name="saveEncounterType_shouldThrowErrorWhenTryingToSaveEncounterTypeWhenEncounterTypesAreLocked" classname="org.openmrs.api.EncounterServiceTest" time="0.026"/>
  <testcase name="saveEncounter_shouldUpdateEncounterSuccessfully" classname="org.openmrs.api.EncounterServiceTest" time="0.035"/>
  <testcase name="getVisitAssignmentHandlers_shouldReturnTheNoAssignmentHandler" classname="org.openmrs.api.EncounterServiceTest" time="0.036"/>
  <testcase name="getEncounters_shouldGetEncountersByVisitType" classname="org.openmrs.api.EncounterServiceTest" time="0.03"/>
  <testcase name="getEncounters_shouldGetEncountersByVisit" classname="org.openmrs.api.EncounterServiceTest" time="0.042"/>
  <testcase name="saveEncounterType_shouldSetAuditInfoIfAnyItemInEncounterTypeIsEdited" classname="org.openmrs.api.EncounterServiceTest" time="0.042"/>
  <testcase name="getEncounters_shouldGetEncountersByForm" classname="org.openmrs.api.EncounterServiceTest" time="0.034"/>
  <testcase name="getEncounters_shouldGetEncountersByType" classname="org.openmrs.api.EncounterServiceTest" time="0.033"/>
  <testcase name="getVisitAssignmentHandlers_shouldReturnTheExistingVisitOnlyAssignmentHandler" classname="org.openmrs.api.EncounterServiceTest" time="0.027"/>
  <testcase name="getEncounters_shouldGetEncountersOnOrAfterDate" classname="org.openmrs.api.EncounterServiceTest" time="0.023"/>
  <testcase name="retireEncounterRole_shouldRetireTypeAndSetAttributes" classname="org.openmrs.api.EncounterServiceTest" time="0.027"/>
  <testcase name="getEncounter_shouldReturnEncounterIfUserIsAllowedToViewIt" classname="org.openmrs.api.EncounterServiceTest" time="0.031"/>
  <testcase name="getEncounters_shouldGetAllTheUniqueEncountersThatMatchTheSpecifiedParameterValues" classname="org.openmrs.api.EncounterServiceTest" time="0">
    <skipped/>
  </testcase>
  <testcase name="unretireEncounterType_shouldThrowErrorWhenTryingToUnretireEncounterTypeWhenEncounterTypesAreLocked" classname="org.openmrs.api.EncounterServiceTest" time="0.026"/>
  <testcase name="getEncounter_shouldFailIfUserIsNotAllowedToViewEncounterByGivenId" classname="org.openmrs.api.EncounterServiceTest" time="0.042"/>
  <testcase name="getEncounterByUuid_shouldFindObjectGivenValidUuid" classname="org.openmrs.api.EncounterServiceTest" time="0.036"/>
  <testcase name="getEncounterType_shouldNotGetByInexactName" classname="org.openmrs.api.EncounterServiceTest" time="0.03"/>
  <testcase name="findEncounterTypes_shouldReturnTypesByPartialCaseInsensitiveMatch" classname="org.openmrs.api.EncounterServiceTest" time="0.023"/>
  <testcase name="getEncountersByPatient_shouldGetAllUnvoidedEncountersForTheGivenPatientIdentifier" classname="org.openmrs.api.EncounterServiceTest" time="0.026"/>
  <testcase name="getEncountersByPatient_shouldThrowErrorWhenGivenNullParameter" classname="org.openmrs.api.EncounterServiceTest" time="0.028"/>
  <testcase name="canEditEncounter_shouldReturnFalseIfUserCanNotEditEncounter" classname="org.openmrs.api.EncounterServiceTest" time="0.035"/>
  <testcase name="transferEncounter_shouldVoidGivenEncounter" classname="org.openmrs.api.EncounterServiceTest" time="0.056"/>
  <testcase name="saveEncounter_shouldNotAssignEncounterToVisitIfNoHandlerIsRegistered" classname="org.openmrs.api.EncounterServiceTest" time="0.03"/>
  <testcase name="getEncounters_shouldNotReturnVoidedEncountersIfIncludeVoidedIsSetToTrue" classname="org.openmrs.api.EncounterServiceTest" time="0">
    <skipped/>
  </testcase>
  <testcase name="getEncounters_shouldGetEncountersOnOrUpToADate" classname="org.openmrs.api.EncounterServiceTest" time="0.023"/>
  <testcase name="purgeEncounter_shouldCascadePurgeToObsAndOrders" classname="org.openmrs.api.EncounterServiceTest" time="0.03"/>
  <testcase name="saveEncounter_shouldVoidAndCreateNewObsWhenSavingEncounter" classname="org.openmrs.api.EncounterServiceTest" time="0.035"/>
  <testcase name="saveEncounter_shouldCascadeSaveToContainedObsWhenEncounterAlreadyExists" classname="org.openmrs.api.EncounterServiceTest" time="0.051"/>
  <testcase name="getEncounters_shouldShouldMatchOnProviderIdentifier" classname="org.openmrs.api.EncounterServiceTest" time="0.034"/>
  <testcase name="getEncounterByUuid_shouldReturnNullIfNoObjectFoundWithGivenUuid" classname="org.openmrs.api.EncounterServiceTest" time="0.031"/>
  <testcase name="findEncounterTypes_shouldReturnTypesOrderedOnNameAndNonretiredFirst" classname="org.openmrs.api.EncounterServiceTest" time="0.029"/>
  <testcase name="findEncounterTypes_shouldReturnTypesByPartialNameMatch" classname="org.openmrs.api.EncounterServiceTest" time="0.026"/>
  <testcase name="saveEncounter_shouldNotOverwriteDateCreatedIfNonNull" classname="org.openmrs.api.EncounterServiceTest" time="0.027"/>
  <testcase name="canViewAllEncounterTypes_shouldReturnTrueWhenTheEncounterTypesEditPrivilegeColumnIsNull" classname="org.openmrs.api.EncounterServiceTest" time="0.032"/>
  <testcase name="saveEncounter_shouldNotAssignEncounterToVisitIfTheNoAssignHandlerIsRegistered" classname="org.openmrs.api.EncounterServiceTest" time="0.027"/>
  <testcase name="getEncounters_shouldGetEncountersByLocation" classname="org.openmrs.api.EncounterServiceTest" time="0.023"/>
  <testcase name="unvoidEncounter_shouldFailfIfUserIsNotSupposedToEditEncountersOfTypeOfGivenEncounter" classname="org.openmrs.api.EncounterServiceTest" time="0.032"/>
  <testcase name="purgeEncounterType_shouldPurgeType" classname="org.openmrs.api.EncounterServiceTest" time="0.025"/>
  <testcase name="getEncounters_shouldReturnEmptyListForEmptyQuery" classname="org.openmrs.api.EncounterServiceTest" time="0.023"/>
  <testcase name="canEditAllEncounterTypes_shouldReturnTrueIfUserIsGrantedToEditEncounters" classname="org.openmrs.api.EncounterServiceTest" time="0.026"/>
  <testcase name="transferEncounter_shouldTransferAnEncounterWithObservationsButNotOrdersToGivenPatient" classname="org.openmrs.api.EncounterServiceTest" time="0.047"/>
  <testcase name="getEncounters_shouldIncludeVoidedEncountersIfIncludeVoidedIsSetToTrue" classname="org.openmrs.api.EncounterServiceTest" time="0.031"/>
  <testcase name="canEditEncounter_shouldFailfIfEncounterIsNull" classname="org.openmrs.api.EncounterServiceTest" time="0.038"/>
  <testcase name="saveEncounter_shouldUpdateExistingEncounterWhenAChildObsIsEdited" classname="org.openmrs.api.EncounterServiceTest" time="0.122"/>
  <testcase name="saveEncounter_shouldCascadeChangeOfLocationInEncounterToContainedObs" classname="org.openmrs.api.EncounterServiceTest" time="0.041"/>
  <testcase name="getActiveEncounterVisitHandler_shouldReturnBeanHaveBeenRegisteredWithGivenName" classname="org.openmrs.api.EncounterServiceTest" time="0.033"/>
  <testcase name="voidEncounter_shouldCascadeToOrders" classname="org.openmrs.api.EncounterServiceTest" time="0.04"/>
  <testcase name="canViewAllEncounterTypes_shouldReturnTrueWhenTheEncounterTypesViewPrivilegeColumnIsNull" classname="org.openmrs.api.EncounterServiceTest" time="0.036"/>
  <testcase name="saveEncounterRole_shouldSaveEncounterRoleWithBasicDetails" classname="org.openmrs.api.EncounterServiceTest" time="0.027"/>
  <testcase name="saveEncounter_shouldSaveEncounterWhenTopLevelObsIsUpdatedByRemovingChildObs" classname="org.openmrs.api.EncounterServiceTest" time="0.051"/>
  <testcase name="voidEncounter_shouldFailfIfUserIsNotSupposedToEditEncountersOfTypeOfGivenEncounter" classname="org.openmrs.api.EncounterServiceTest" time="0.032"/>
  <testcase name="saveEncounterType_shouldUpdateAnExistingEncounterTypeName" classname="org.openmrs.api.EncounterServiceTest" time="0.022"/>
  <testcase name="getEncountersByPatientIdentifier_shouldNotGetVoidedEncounters" classname="org.openmrs.api.EncounterServiceTest" time="0.037"/>
  <testcase name="retireEncounterType_shouldRetireTypeAndSetAttributes" classname="org.openmrs.api.EncounterServiceTest" time="0.023"/>
  <testcase name="getEncounterType_shouldReturnNullIfOnlyRetiredTypeFound" classname="org.openmrs.api.EncounterServiceTest" time="0.023"/>
  <testcase name="purgeEncounter_shouldFailfIfUserIsNotSupposedToEditEncountersOfTypeOfGivenEncounter" classname="org.openmrs.api.EncounterServiceTest" time="0.039"/>
  <testcase name="purgeEncounterRole_shouldPurgeEncounterRole" classname="org.openmrs.api.EncounterServiceTest" time="0.026"/>
  <testcase name="unretireEncounterType_shouldUnretireTypeAndUnmarkAttributes" classname="org.openmrs.api.EncounterServiceTest" time="0.03"/>
  <testcase name="getAllEncounterTypes_shouldIncludeRetiredTypesWithTrueIncludeRetiredParameter" classname="org.openmrs.api.EncounterServiceTest" time="0.024"/>
  <testcase name="saveEncounterType_shouldNotOverwriteDateCreated" classname="org.openmrs.api.EncounterServiceTest" time="0.023"/>
  <testcase name="getEncounterType_shouldThrowErrorIfGivenNullParameter" classname="org.openmrs.api.EncounterServiceTest" time="0.021"/>
  <testcase name="voidEncounter_shouldNotVoidProviders" classname="org.openmrs.api.EncounterServiceTest" time="0.029"/>
  <testcase name="retireEncounterRole_shouldThrowErrorIfGivenNullReasonParameter" classname="org.openmrs.api.EncounterServiceTest" time="0.023"/>
  <testcase name="getEncountersByVisit_shouldIncludeVoidedEncountersWhenIncludeVoidedIsTrue" classname="org.openmrs.api.EncounterServiceTest" time="0.025"/>
  <testcase name="canViewAllEncounterTypes_shouldReturnTrueIfUserIsGrantedToViewEncounters" classname="org.openmrs.api.EncounterServiceTest" time="0.027"/>
  <testcase name="getAllEncounterTypes_shouldNotReturnRetiredTypes" classname="org.openmrs.api.EncounterServiceTest" time="0.021"/>
  <testcase name="getEncountersByVisit_shouldGetActiveEncountersByVisit" classname="org.openmrs.api.EncounterServiceTest" time="0.023"/>
</testsuite>