<?xml version="1.0" encoding="UTF-8"?>
<testsuite name="org.openmrs.ConceptTest" time="0.517" tests="72" errors="0" skipped="0" failures="0">
  <properties>
    <property name="java.runtime.name" value="Java(TM) SE Runtime Environment"/>
    <property name="sun.boot.library.path" value="/Library/Java/JavaVirtualMachines/jdk1.8.0_121.jdk/Contents/Home/jre/lib"/>
    <property name="java.vm.version" value="25.121-b13"/>
    <property name="gopherProxySet" value="false"/>
    <property name="java.vm.vendor" value="Oracle Corporation"/>
    <property name="maven.multiModuleProjectDirectory" value="/Users/MatthewKay/Documents/SeniorYear1stSemester/362/Project/openmrs-core"/>
    <property name="java.vendor.url" value="http://java.oracle.com/"/>
    <property name="path.separator" value=":"/>
    <property name="guice.disable.misplaced.annotation.check" value="true"/>
    <property name="java.vm.name" value="Java HotSpot(TM) 64-Bit Server VM"/>
    <property name="file.encoding.pkg" value="sun.io"/>
    <property name="user.country" value="US"/>
    <property name="sun.java.launcher" value="SUN_STANDARD"/>
    <property name="sun.os.patch.level" value="unknown"/>
    <property name="java.vm.specification.name" value="Java Virtual Machine Specification"/>
    <property name="user.dir" value="/Users/MatthewKay/Documents/SeniorYear1stSemester/362/Project/openmrs-core"/>
    <property name="java.runtime.version" value="1.8.0_121-b13"/>
    <property name="java.awt.graphicsenv" value="sun.awt.CGraphicsEnvironment"/>
    <property name="java.endorsed.dirs" value="/Library/Java/JavaVirtualMachines/jdk1.8.0_121.jdk/Contents/Home/jre/lib/endorsed"/>
    <property name="os.arch" value="x86_64"/>
    <property name="java.io.tmpdir" value="/var/folders/t3/yjzk6jg55p74mpd9yqjw1hsm0000gn/T/"/>
    <property name="line.separator" value="&#10;"/>
    <property name="java.vm.specification.vendor" value="Oracle Corporation"/>
    <property name="os.name" value="Mac OS X"/>
    <property name="classworlds.conf" value="/usr/local/Cellar/maven/3.3.9/libexec/bin/m2.conf"/>
    <property name="sun.jnu.encoding" value="UTF-8"/>
    <property name="java.library.path" value="/Users/MatthewKay/Library/Java/Extensions:/Library/Java/Extensions:/Network/Library/Java/Extensions:/System/Library/Java/Extensions:/usr/lib/java:."/>
    <property name="java.specification.name" value="Java Platform API Specification"/>
    <property name="java.class.version" value="52.0"/>
    <property name="sun.management.compiler" value="HotSpot 64-Bit Tiered Compilers"/>
    <property name="os.version" value="10.12.6"/>
    <property name="http.nonProxyHosts" value="local|*.local|169.254/16|*.169.254/16"/>
    <property name="user.home" value="/Users/MatthewKay"/>
    <property name="user.timezone" value="America/New_York"/>
    <property name="java.awt.printerjob" value="sun.lwawt.macosx.CPrinterJob"/>
    <property name="java.specification.version" value="1.8"/>
    <property name="file.encoding" value="UTF-8"/>
    <property name="user.name" value="MatthewKay"/>
    <property name="java.class.path" value="/usr/local/Cellar/maven/3.3.9/libexec/boot/plexus-classworlds-2.5.2.jar"/>
    <property name="java.vm.specification.version" value="1.8"/>
    <property name="sun.arch.data.model" value="64"/>
    <property name="java.home" value="/Library/Java/JavaVirtualMachines/jdk1.8.0_121.jdk/Contents/Home/jre"/>
    <property name="sun.java.command" value="org.codehaus.plexus.classworlds.launcher.Launcher clean package"/>
    <property name="java.specification.vendor" value="Oracle Corporation"/>
    <property name="user.language" value="en"/>
    <property name="awt.toolkit" value="sun.lwawt.macosx.LWCToolkit"/>
    <property name="java.vm.info" value="mixed mode"/>
    <property name="java.version" value="1.8.0_121"/>
    <property name="java.ext.dirs" value="/Users/MatthewKay/Library/Java/Extensions:/Library/Java/JavaVirtualMachines/jdk1.8.0_121.jdk/Contents/Home/jre/lib/ext:/Library/Java/Extensions:/Network/Library/Java/Extensions:/System/Library/Java/Extensions:/usr/lib/java"/>
    <property name="sun.boot.class.path" value="/Library/Java/JavaVirtualMachines/jdk1.8.0_121.jdk/Contents/Home/jre/lib/resources.jar:/Library/Java/JavaVirtualMachines/jdk1.8.0_121.jdk/Contents/Home/jre/lib/rt.jar:/Library/Java/JavaVirtualMachines/jdk1.8.0_121.jdk/Contents/Home/jre/lib/sunrsasign.jar:/Library/Java/JavaVirtualMachines/jdk1.8.0_121.jdk/Contents/Home/jre/lib/jsse.jar:/Library/Java/JavaVirtualMachines/jdk1.8.0_121.jdk/Contents/Home/jre/lib/jce.jar:/Library/Java/JavaVirtualMachines/jdk1.8.0_121.jdk/Contents/Home/jre/lib/charsets.jar:/Library/Java/JavaVirtualMachines/jdk1.8.0_121.jdk/Contents/Home/jre/lib/jfr.jar:/Library/Java/JavaVirtualMachines/jdk1.8.0_121.jdk/Contents/Home/jre/classes"/>
    <property name="java.vendor" value="Oracle Corporation"/>
    <property name="maven.home" value="/usr/local/Cellar/maven/3.3.9/libexec"/>
    <property name="file.separator" value="/"/>
    <property name="java.vendor.url.bug" value="http://bugreport.sun.com/bugreport/"/>
    <property name="sun.cpu.endian" value="little"/>
    <property name="sun.io.unicode.encoding" value="UnicodeBig"/>
    <property name="socksNonProxyHosts" value="local|*.local|169.254/16|*.169.254/16"/>
    <property name="ftp.nonProxyHosts" value="local|*.local|169.254/16|*.169.254/16"/>
    <property name="sun.cpu.isalist" value=""/>
  </properties>
  <testcase name="hasName_shouldReturnFalseIfNameIsNull" classname="org.openmrs.ConceptTest" time="0.222"/>
  <testcase name="addSetMember_shouldAssignTheCallingComponentAsParentToTheConceptSet" classname="org.openmrs.ConceptTest" time="0.003"/>
  <testcase name="getFullySpecifiedName_shouldReturnTheNameMarkedAsFullySpecifiedForTheGivenLocale" classname="org.openmrs.ConceptTest" time="0.003"/>
  <testcase name="getNamesLocale_shouldReturnEmptyCollection" classname="org.openmrs.ConceptTest" time="0.003"/>
  <testcase name="getDescription_shouldReturnMatchOnLanguageOnly" classname="org.openmrs.ConceptTest" time="0.003"/>
  <testcase name="getDescription_shouldReturnMatchOnLocaleExactly" classname="org.openmrs.ConceptTest" time="0.003"/>
  <testcase name="hasName_shouldReturnTrueIfLocaleIsNullButNameExists" classname="org.openmrs.ConceptTest" time="0.003"/>
  <testcase name="setFullySpecifiedName_shouldAddTheNameToTheListOfNamesIfItNotAmongThemBefore" classname="org.openmrs.ConceptTest" time="0.003"/>
  <testcase name="setShortName_shouldSetTheConceptNameTypeOfTheSpecifiedNameToShort" classname="org.openmrs.ConceptTest" time="0.003"/>
  <testcase name="addSetMember_shouldAddTheConceptToTheCurrentListOfConceptSet" classname="org.openmrs.ConceptTest" time="0.002"/>
  <testcase name="setBlankShortName_shouldVoidTheOldOne" classname="org.openmrs.ConceptTest" time="0.002"/>
  <testcase name="toString_shouldReturnConceptIdIfPresentOrNull" classname="org.openmrs.ConceptTest" time="0.003"/>
  <testcase name="setPreferredName_shouldOnlyAllowOnePreferredName" classname="org.openmrs.ConceptTest" time="0.004"/>
  <testcase name="addSetMember_shouldAppendConceptToTheExistingListOfConceptSet" classname="org.openmrs.ConceptTest" time="0.003"/>
  <testcase name="getSetMembers_shouldReturnConceptSetMembersSortedWithRetiredLast" classname="org.openmrs.ConceptTest" time="0.003"/>
  <testcase name="addAnswer_shouldNotFailIfAnswersListIsNull" classname="org.openmrs.ConceptTest" time="0.003"/>
  <testcase name="getAnswers_shouldNotReturnNullIfAnswersListIsNull" classname="org.openmrs.ConceptTest" time="0.003"/>
  <testcase name="addName_shouldReplaceTheOldPreferredNameWithACurrentOne" classname="org.openmrs.ConceptTest" time="0.004"/>
  <testcase name="getCompatibleNames_shouldExcludeIncompatibleLanguageLocales" classname="org.openmrs.ConceptTest" time="0.003"/>
  <testcase name="getPreferredName_shouldReturnTheConceptNameExplicitlyMarkedAsLocalePreferred" classname="org.openmrs.ConceptTest" time="0.003"/>
  <testcase name="getName_shouldNotFailIfNoNamesAreDefined" classname="org.openmrs.ConceptTest" time="0.003"/>
  <testcase name="getCompatibleNames_shouldExcludeIncompatibleCountryLocales" classname="org.openmrs.ConceptTest" time="0.003"/>
  <testcase name="getSetMembers_shouldReturnConceptSetMembersSortedAccordingToTheSortWeight" classname="org.openmrs.ConceptTest" time="0.004"/>
  <testcase name="getAnswers_shouldInitAnswersObject" classname="org.openmrs.ConceptTest" time="0.002"/>
  <testcase name="addSetMember_shouldInsertTheConceptInTheThirdSlot" classname="org.openmrs.ConceptTest" time="0.002"/>
  <testcase name="addSetMember_shouldAssignTheGivenConceptAsAConceptSet" classname="org.openmrs.ConceptTest" time="0.003"/>
  <testcase name="removeDescription_shouldRemoveDescriptionPassedFromListOfDescriptions" classname="org.openmrs.ConceptTest" time="0.003"/>
  <testcase name="addSetMember_shouldInsertTheConceptAtTheEndWithNegativeOneIndex" classname="org.openmrs.ConceptTest" time="0.003"/>
  <testcase name="findPossibleValues_shouldReturnListOfConceptsFromMatchingResults" classname="org.openmrs.ConceptTest" time="0.059"/>
  <testcase name="getName_shouldReturnNameInBroaderLocaleIncaseNoneIsFoundInSpecificOne" classname="org.openmrs.ConceptTest" time="0.004"/>
  <testcase name="getDescriptions_shouldNotReturnNullIfDescriptionsListIsNull" classname="org.openmrs.ConceptTest" time="0.005"/>
  <testcase name="addSetMember_shouldAddConceptAsAConceptSet" classname="org.openmrs.ConceptTest" time="0.004"/>
  <testcase name="getShortestName_shouldReturnTheShortestNameInAGivenLocaleForAConceptIfExactIsTrue" classname="org.openmrs.ConceptTest" time="0.004"/>
  <testcase name="getAnswers_shouldReturnRetiredIfTrue" classname="org.openmrs.ConceptTest" time="0.002"/>
  <testcase name="getAnswers_shouldNotReturnRetiredIfFalse" classname="org.openmrs.ConceptTest" time="0.004"/>
  <testcase name="hasName_shouldReturnFalseIfLocaleIsNullButNameDoesNotExist" classname="org.openmrs.ConceptTest" time="0.004"/>
  <testcase name="getName_shouldReturnExactNameLocaleMatchGivenExactEqualsTrue" classname="org.openmrs.ConceptTest" time="0.003"/>
  <testcase name="setPreferredName_shouldAddTheNameToTheListOfNamesIfItNotAmongThemBefore" classname="org.openmrs.ConceptTest" time="0.003"/>
  <testcase name="getNamesLocale_shouldReturnNonVoidedConceptName" classname="org.openmrs.ConceptTest" time="0.003"/>
  <testcase name="getName_shouldReturnNullIfNoNamesAreFoundInLocaleGivenExactEqualsTrue" classname="org.openmrs.ConceptTest" time="0.004"/>
  <testcase name="addName_shouldReplaceTheOldFullySpecifiedNameWithACurrentOne" classname="org.openmrs.ConceptTest" time="0.003"/>
  <testcase name="addSetMember_shouldAppendConceptToExistingConceptSetHavingRetiredConcept" classname="org.openmrs.ConceptTest" time="0.002"/>
  <testcase name="setShortName_shouldAddTheNameToTheListOfNamesIfItNotAmongThemBefore" classname="org.openmrs.ConceptTest" time="0.002"/>
  <testcase name="getNamesBoolean_shouldNotReturnVoidedConceptName" classname="org.openmrs.ConceptTest" time="0.002"/>
  <testcase name="getName_shouldReturnNameAnyNameIfNoLocaleMatchGivenExactEqualsFalse" classname="org.openmrs.ConceptTest" time="0.003"/>
  <testcase name="getSynonyms_shouldSortPreferredFirst" classname="org.openmrs.ConceptTest" time="0.003"/>
  <testcase name="addSetMember_shouldPlaceTheNewConceptLastInTheList" classname="org.openmrs.ConceptTest" time="0.002"/>
  <testcase name="addName_shouldReplaceTheOldShortNameWithACurrentOne" classname="org.openmrs.ConceptTest" time="0.002"/>
  <testcase name="addSetMember_shouldAppendConceptToExistingConceptSet" classname="org.openmrs.ConceptTest" time="0.003"/>
  <testcase name="getDescription_shouldNotReturnLanguageOnlyMatchForExactMatches" classname="org.openmrs.ConceptTest" time="0.003"/>
  <testcase name="setFullySpecifiedName_shouldConvertThePreviousFullySpecifiedNameIfAnyToASynonym" classname="org.openmrs.ConceptTest" time="0.003"/>
  <testcase name="getPreferredName_shouldReturnTheFullySpecifiedNameIfNoNameIsExplicitlyMarkedAsLocalePreferred" classname="org.openmrs.ConceptTest" time="0.003"/>
  <testcase name="setPreferredName_shouldFailIfThePreferredNameToSetToIsAnIndexTerm" classname="org.openmrs.ConceptTest" time="0.003"/>
  <testcase name="getAllConceptNameLocales_shouldReturnAllLocalesForConceptNamesForThisConceptWithoutDuplicates" classname="org.openmrs.ConceptTest" time="0.002"/>
  <testcase name="getNames_shouldNotReturnVoidedConceptName" classname="org.openmrs.ConceptTest" time="0.002"/>
  <testcase name="addAnswer_shouldSetTheSortWeightToTheMaxPlusOneIfNotProvided" classname="org.openmrs.ConceptTest" time="0.023"/>
  <testcase name="getAnswers_shouldReturnRetiredByDefault" classname="org.openmrs.ConceptTest" time="0.003"/>
  <testcase name="getShortestName_shouldReturnTheNameMarkedAsTheShortNameForTheLocaleIfItIsPresent" classname="org.openmrs.ConceptTest" time="0.004"/>
  <testcase name="removeConceptMapping_shouldRemoveConceptMapPassedFromListOfMappings" classname="org.openmrs.ConceptTest" time="0.003"/>
  <testcase name="setShortName_shouldConvertThePreviousShortNameIfAnyToASynonym" classname="org.openmrs.ConceptTest" time="0.003"/>
  <testcase name="addSetMember_shouldInsertTheConceptBeforeTheFirstWithZeroIndex" classname="org.openmrs.ConceptTest" time="0.003"/>
  <testcase name="getShortestName_shouldReturnTheShortestNameForTheConceptFromAnyLocaleIfExactIsFalse" classname="org.openmrs.ConceptTest" time="0.003"/>
  <testcase name="getSetMembers_shouldReturnAllTheConceptMembersOfCurrentConcept" classname="org.openmrs.ConceptTest" time="0.003"/>
  <testcase name="getShortNameInLocale_shouldReturnTheBestShortNameForAConcept" classname="org.openmrs.ConceptTest" time="0.002"/>
  <testcase name="setFullySpecifiedName_shouldSetTheConceptNameTypeOfTheSpecifiedNameToFullySpecified" classname="org.openmrs.ConceptTest" time="0.004"/>
  <testcase name="getBestNameLocale_shouldReturnNull" classname="org.openmrs.ConceptTest" time="0.003"/>
  <testcase name="getShortestName_shouldReturnNullIfTheirAreNoNamesInTheSpecifiedLocaleAndExactIsTrue" classname="org.openmrs.ConceptTest" time="0.013"/>
  <testcase name="getPreferredName_shouldReturnTheBesLocalePreferred" classname="org.openmrs.ConceptTest" time="0.002"/>
  <testcase name="getSetMembers_shouldReturnUnmodifiableListOfConceptMemberList" classname="org.openmrs.ConceptTest" time="0.002"/>
  <testcase name="getDescription_shouldNotReturnMatchOnLanguageOnlyIfExactMatchExists" classname="org.openmrs.ConceptTest" time="0.002"/>
  <testcase name="getName_shouldReturnNameWithinSameLanguageIfExactEqualsFalse" classname="org.openmrs.ConceptTest" time="0.003"/>
  <testcase name="addName_shouldMarkTheFirstNameAddedAsFullySpecified" classname="org.openmrs.ConceptTest" time="0.002"/>
</testsuite>